#
# There is insufficient memory for the Java Runtime Environment to continue.
# Native memory allocation (mmap) failed to map 266338304 bytes for Failed to commit area from 0x0000000703600000 to 0x0000000713400000 of length 266338304.
# Possible reasons:
#   The system is out of physical RAM or swap space
#   The process is running with CompressedOops enabled, and the Java Heap may be blocking the growth of the native heap
# Possible solutions:
#   Reduce memory load on the system
#   Increase physical memory or swap space
#   Check if swap backing store is full
#   Decrease Java heap size (-Xmx/-Xms)
#   Decrease number of Java threads
#   Decrease Java thread stack sizes (-Xss)
#   Set larger code cache with -XX:ReservedCodeCacheSize=
# This output file may be truncated or incomplete.
#
#  Out of Memory Error (./src/hotspot/os/windows/os_windows.cpp:3301), pid=6400, tid=19040
#
# JRE version:  (11.0.10) (build )
# Java VM: OpenJDK 64-Bit Server VM (11.0.10+0-b96-7249189, mixed mode, sharing, tiered, compressed oops, g1 gc, windows-amd64)
# No core dump will be written. Minidumps are not enabled by default on client versions of Windows
#

---------------  S U M M A R Y ------------

Command Line: 

Host: Intel(R) Core(TM) i5-1035G1 CPU @ 1.00GHz, 8 cores, 15G,  Windows 10 , 64 bit Build 19041 (10.0.19041.1706)
Time: Wed Jun  8 10:29:35 2022 Paris, Madrid (heure d’été) elapsed time: 0.040510 seconds (0d 0h 0m 0s)

---------------  T H R E A D  ---------------

Current thread (0x000002487bfcc000):  JavaThread "Unknown thread" [_thread_in_vm, id=19040, stack(0x000000b368300000,0x000000b368400000)]

Stack: [0x000000b368300000,0x000000b368400000]
Native frames: (J=compiled Java code, j=interpreted, Vv=VM code, C=native code)
V  [jvm.dll+0x5ecfaa]
V  [jvm.dll+0x722bd5]
V  [jvm.dll+0x72412d]
V  [jvm.dll+0x7247e3]
V  [jvm.dll+0x242928]
V  [jvm.dll+0x5ea374]
V  [jvm.dll+0x5df425]
V  [jvm.dll+0x2fdebb]
V  [jvm.dll+0x2fde2a]
V  [jvm.dll+0x2fdd02]
V  [jvm.dll+0x302bf6]
V  [jvm.dll+0x34b2a3]
V  [jvm.dll+0x34b9a6]
V  [jvm.dll+0x34b3a3]
V  [jvm.dll+0x2d8888]
V  [jvm.dll+0x2d9a37]
V  [jvm.dll+0x701737]
V  [jvm.dll+0x702f2c]
V  [jvm.dll+0x3587d9]
V  [jvm.dll+0x6e4fae]
V  [jvm.dll+0x3c0be3]
V  [jvm.dll+0x3c2e91]
C  [jli.dll+0x5373]
C  [ucrtbase.dll+0x21bb2]
C  [KERNEL32.DLL+0x17034]
C  [ntdll.dll+0x52651]


---------------  P R O C E S S  ---------------

Threads class SMR info:
_java_thread_list=0x000002487beef390, length=0, elements={
}

Java Threads: ( => current thread )

Other Threads:
  0x000002487e04d000 GCTaskThread "GC Thread#0" [stack: 0x000000b368400000,0x000000b368500000] [id=12476]
  0x000002487e0ad000 ConcurrentGCThread "G1 Main Marker" [stack: 0x000000b368500000,0x000000b368600000] [id=6820]
  0x000002487e0af800 ConcurrentGCThread "G1 Conc#0" [stack: 0x000000b368600000,0x000000b368700000] [id=21692]

[error occurred during error reporting (printing all threads), id 0xc0000005, EXCEPTION_ACCESS_VIOLATION (0xc0000005) at pc=0x00007ffb763d9107]

VM state:not at safepoint (not fully initialized)

VM Mutex/Monitor currently owned by a thread:  ([mutex/lock_event])
[0x000002487bfca590] Heap_lock - owner thread: 0x000002487bfcc000

Heap address: 0x0000000703600000, size: 4042 MB, Compressed Oops mode: Non-zero based: 0x0000000703600000
Narrow klass base: 0x0000000000000000, Narrow klass shift: 0

GC Heap History (0 events):
No events

Deoptimization events (0 events):
No events

Classes redefined (0 events):
No events

Internal exceptions (0 events):
No events

Events (1 events):
Event: 0.007 Loaded shared library D:\install\android\jre\bin\zip.dll


Dynamic libraries:
0x00007ff7dd2e0000 - 0x00007ff7dd2ea000 	D:\install\android\jre\bin\java.EXE
0x00007ffbcf6b0000 - 0x00007ffbcf8a5000 	C:\Windows\SYSTEM32\ntdll.dll
0x00007ffbcdc50000 - 0x00007ffbcdd0d000 	C:\Windows\System32\KERNEL32.DLL
0x00007ffbccf90000 - 0x00007ffbcd25d000 	C:\Windows\System32\KERNELBASE.dll
0x00007ffbcd4a0000 - 0x00007ffbcd5a0000 	C:\Windows\System32\ucrtbase.dll
0x00007ffbacde0000 - 0x00007ffbacdf7000 	D:\install\android\jre\bin\VCRUNTIME140.dll
0x00007ffbba090000 - 0x00007ffbba0a9000 	D:\install\android\jre\bin\jli.dll
0x00007ffbce5f0000 - 0x00007ffbce790000 	C:\Windows\System32\USER32.dll
0x00007ffbb02e0000 - 0x00007ffbb057a000 	C:\Windows\WinSxS\amd64_microsoft.windows.common-controls_6595b64144ccf1df_6.0.19041.1110_none_60b5254171f9507e\COMCTL32.dll
0x00007ffbccdc0000 - 0x00007ffbccde2000 	C:\Windows\System32\win32u.dll
0x00007ffbcde90000 - 0x00007ffbcdf2e000 	C:\Windows\System32\msvcrt.dll
0x00007ffbce3f0000 - 0x00007ffbce41a000 	C:\Windows\System32\GDI32.dll
0x00007ffbcd260000 - 0x00007ffbcd36b000 	C:\Windows\System32\gdi32full.dll
0x00007ffbcd400000 - 0x00007ffbcd49d000 	C:\Windows\System32\msvcp_win.dll
0x00007ffbce3c0000 - 0x00007ffbce3f0000 	C:\Windows\System32\IMM32.DLL
0x00007ffb9e8c0000 - 0x00007ffb9e95d000 	D:\install\android\jre\bin\msvcp140.dll
0x00007ffb760f0000 - 0x00007ffb76bbf000 	D:\install\android\jre\bin\server\jvm.dll
0x00007ffbcf5c0000 - 0x00007ffbcf66e000 	C:\Windows\System32\ADVAPI32.dll
0x00007ffbcd700000 - 0x00007ffbcd79c000 	C:\Windows\System32\sechost.dll
0x00007ffbcf360000 - 0x00007ffbcf485000 	C:\Windows\System32\RPCRT4.dll
0x00007ffbcd7a0000 - 0x00007ffbcd7a8000 	C:\Windows\System32\PSAPI.DLL
0x00007ffbace00000 - 0x00007ffbace09000 	C:\Windows\SYSTEM32\WSOCK32.dll
0x00007ffbc5580000 - 0x00007ffbc558a000 	C:\Windows\SYSTEM32\VERSION.dll
0x00007ffbb2c60000 - 0x00007ffbb2c87000 	C:\Windows\SYSTEM32\WINMM.dll
0x00007ffbcdb10000 - 0x00007ffbcdb7b000 	C:\Windows\System32\WS2_32.dll
0x00007ffbcb990000 - 0x00007ffbcb9a2000 	C:\Windows\SYSTEM32\kernel.appcore.dll
0x00007ffb97a20000 - 0x00007ffb97a31000 	D:\install\android\jre\bin\verify.dll
0x00007ffbcb370000 - 0x00007ffbcb554000 	C:\Windows\SYSTEM32\DBGHELP.DLL
0x00007ffbb2c30000 - 0x00007ffbb2c5c000 	C:\Windows\SYSTEM32\dbgcore.DLL
0x00007ffbcd370000 - 0x00007ffbcd3f2000 	C:\Windows\System32\bcryptPrimitives.dll
0x00007ffb7d360000 - 0x00007ffb7d389000 	D:\install\android\jre\bin\java.dll
0x00007ffbacdd0000 - 0x00007ffbacddb000 	D:\install\android\jre\bin\jimage.dll
0x00007ffb7d290000 - 0x00007ffb7d2a8000 	D:\install\android\jre\bin\zip.dll

dbghelp: loaded successfully - version: 4.0.5 - missing functions: none
symbol engine: initialized successfully - sym options: 0x614 - pdb path: .;D:\install\android\jre\bin;C:\Windows\SYSTEM32;C:\Windows\WinSxS\amd64_microsoft.windows.common-controls_6595b64144ccf1df_6.0.19041.1110_none_60b5254171f9507e;D:\install\android\jre\bin\server

VM Arguments:
java_command: <unknown>
java_class_path (initial): <not set>
Launcher Type: SUN_STANDARD

[Global flags]
     intx CICompilerCount                          = 4                                         {product} {ergonomic}
     uint ConcGCThreads                            = 2                                         {product} {ergonomic}
     uint G1ConcRefinementThreads                  = 8                                         {product} {ergonomic}
   size_t G1HeapRegionSize                         = 1048576                                   {product} {ergonomic}
    uintx GCDrainStackTargetSize                   = 64                                        {product} {ergonomic}
   size_t InitialHeapSize                          = 266338304                                 {product} {ergonomic}
   size_t MarkStackSize                            = 4194304                                   {product} {ergonomic}
   size_t MaxHeapSize                              = 4238344192                                {product} {ergonomic}
   size_t MinHeapDeltaBytes                        = 1048576                                   {product} {ergonomic}
    uintx NonNMethodCodeHeapSize                   = 5836300                                {pd product} {ergonomic}
    uintx NonProfiledCodeHeapSize                  = 122910970                              {pd product} {ergonomic}
    uintx ProfiledCodeHeapSize                     = 122910970                              {pd product} {ergonomic}
    uintx ReservedCodeCacheSize                    = 251658240                              {pd product} {ergonomic}
     bool SegmentedCodeCache                       = true                                      {product} {ergonomic}
     bool UseCompressedClassPointers               = true                                 {lp64_product} {ergonomic}
     bool UseCompressedOops                        = true                                 {lp64_product} {ergonomic}
     bool UseG1GC                                  = true                                      {product} {ergonomic}
     bool UseLargePagesIndividualAllocation        = false                                  {pd product} {ergonomic}

Logging:
Log output configuration:
 #0: stdout all=warning uptime,level,tags
 #1: stderr all=off uptime,level,tags

Environment Variables:
PATH=C:\Program Files (x86)\Common Files\Oracle\Java\javapath;C:\Windows\system32;C:\Windows;C:\Windows\System32\Wbem;C:\Windows\System32\WindowsPowerShell\v1.0\;C:\Windows\System32\OpenSSH\;D:\xampp\php;C:\composer;C:\Program Files\Git\cmd;C:\Program Files\nodejs\;C:\Users\Kid\AppData\Local\Microsoft\WindowsApps;C:\Users\Kid\AppData\Local\Programs\Microsoft VS Code\bin;D:\src\flutter\bin;C:\Users\Kid\AppData\Roaming\Composer\vendor\bin;C:\Users\Kid\AppData\Roaming\npm;D:\src\flutter\bin\mingit\cmd
USERNAME=Kid
OS=Windows_NT
PROCESSOR_IDENTIFIER=Intel64 Family 6 Model 126 Stepping 5, GenuineIntel



---------------  S Y S T E M  ---------------

OS: Windows 10 , 64 bit Build 19041 (10.0.19041.1706)
OS uptime: 1 days 0:34 hours

CPU:total 8 (initial active 8) (4 cores per cpu, 2 threads per core) family 6 model 126 stepping 5 microcode 0x96, cmov, cx8, fxsr, mmx, sse, sse2, sse3, ssse3, sse4.1, sse4.2, popcnt, avx, avx2, aes, clmul, erms, 3dnowpref, lzcnt, ht, tsc, tscinvbit, bmi1, bmi2, adx, evex, sha, fma

Memory: 4k page, system-wide physical 16165M (3989M free)
TotalPageFile size 21673M (AvailPageFile size 29M)
current process WorkingSet (physical memory assigned to process): 10M, peak: 10M
current process commit charge ("private bytes"): 60M, peak: 314M

vm_info: OpenJDK 64-Bit Server VM (11.0.10+0-b96-7249189) for windows-amd64 JRE (11.0.10+0-b96-7249189), built on Mar 31 2021 21:44:00 by "builder" with MS VC++ 14.0 (VS2015)

END.
