#
# There is insufficient memory for the Java Runtime Environment to continue.
# Native memory allocation (mmap) failed to map 266338304 bytes for Failed to commit area from 0x0000000703600000 to 0x0000000713400000 of length 266338304.
# Possible reasons:
#   The system is out of physical RAM or swap space
#   The process is running with CompressedOops enabled, and the Java Heap may be blocking the growth of the native heap
# Possible solutions:
#   Reduce memory load on the system
#   Increase physical memory or swap space
#   Check if swap backing store is full
#   Decrease Java heap size (-Xmx/-Xms)
#   Decrease number of Java threads
#   Decrease Java thread stack sizes (-Xss)
#   Set larger code cache with -XX:ReservedCodeCacheSize=
# This output file may be truncated or incomplete.
#
#  Out of Memory Error (./src/hotspot/os/windows/os_windows.cpp:3301), pid=3740, tid=10920
#
# JRE version:  (11.0.10) (build )
# Java VM: OpenJDK 64-Bit Server VM (11.0.10+0-b96-7249189, mixed mode, sharing, tiered, compressed oops, g1 gc, windows-amd64)
# No core dump will be written. Minidumps are not enabled by default on client versions of Windows
#

---------------  S U M M A R Y ------------

Command Line: 

Host: Intel(R) Core(TM) i5-1035G1 CPU @ 1.00GHz, 8 cores, 15G,  Windows 10 , 64 bit Build 19041 (10.0.19041.1645)
Time: Fri May 13 17:05:10 2022 Paris, Madrid (heure d’été) elapsed time: 0.010352 seconds (0d 0h 0m 0s)

---------------  T H R E A D  ---------------

Current thread (0x00000251428a6800):  JavaThread "Unknown thread" [_thread_in_vm, id=10920, stack(0x000000dd1d100000,0x000000dd1d200000)]

Stack: [0x000000dd1d100000,0x000000dd1d200000]
Native frames: (J=compiled Java code, j=interpreted, Vv=VM code, C=native code)
V  [jvm.dll+0x5ecfaa]
V  [jvm.dll+0x722bd5]
V  [jvm.dll+0x72412d]
V  [jvm.dll+0x7247e3]
V  [jvm.dll+0x242928]
V  [jvm.dll+0x5ea374]
V  [jvm.dll+0x5df425]
V  [jvm.dll+0x2fdebb]
V  [jvm.dll+0x2fde2a]
V  [jvm.dll+0x2fdd02]
V  [jvm.dll+0x302bf6]
V  [jvm.dll+0x34b2a3]
V  [jvm.dll+0x34b9a6]
V  [jvm.dll+0x34b3a3]
V  [jvm.dll+0x2d8888]
V  [jvm.dll+0x2d9a37]
V  [jvm.dll+0x701737]
V  [jvm.dll+0x702f2c]
V  [jvm.dll+0x3587d9]
V  [jvm.dll+0x6e4fae]
V  [jvm.dll+0x3c0be3]
V  [jvm.dll+0x3c2e91]
C  [jli.dll+0x5373]
C  [ucrtbase.dll+0x21bb2]
C  [KERNEL32.DLL+0x17034]
C  [ntdll.dll+0x52651]


---------------  P R O C E S S  ---------------

Threads class SMR info:
_java_thread_list=0x0000025140eb0030, length=0, elements={
}

Java Threads: ( => current thread )

Other Threads:
  0x00000251428be000 GCTaskThread "GC Thread#0" [stack: 0x000000dd1d200000,0x000000dd1d300000] [id=16848]
  0x000002514291a000 ConcurrentGCThread "G1 Main Marker" [stack: 0x000000dd1d300000,0x000000dd1d400000] [id=16240]
  0x000002514291b800 ConcurrentGCThread "G1 Conc#0" [stack: 0x000000dd1d400000,0x000000dd1d500000] [id=1812]

[error occurred during error reporting (printing all threads), id 0xc0000005, EXCEPTION_ACCESS_VIOLATION (0xc0000005) at pc=0x00007ffc50079107]

VM state:not at safepoint (not fully initialized)

VM Mutex/Monitor currently owned by a thread:  ([mutex/lock_event])
[0x00000251428a5da0] Heap_lock - owner thread: 0x00000251428a6800

Heap address: 0x0000000703600000, size: 4042 MB, Compressed Oops mode: Non-zero based: 0x0000000703600000
Narrow klass base: 0x0000000000000000, Narrow klass shift: 0

GC Heap History (0 events):
No events

Deoptimization events (0 events):
No events

Classes redefined (0 events):
No events

Internal exceptions (0 events):
No events

Events (1 events):
Event: 0.006 Loaded shared library D:\install\android\jre\bin\zip.dll


Dynamic libraries:
0x00007ff7fddf0000 - 0x00007ff7fddfa000 	D:\install\android\jre\bin\java.EXE
0x00007ffca41b0000 - 0x00007ffca43a5000 	C:\Windows\SYSTEM32\ntdll.dll
0x00007ffca2da0000 - 0x00007ffca2e5e000 	C:\Windows\System32\KERNEL32.DLL
0x00007ffca1e90000 - 0x00007ffca2158000 	C:\Windows\System32\KERNELBASE.dll
0x00007ffca1a80000 - 0x00007ffca1b80000 	C:\Windows\System32\ucrtbase.dll
0x00007ffc9a670000 - 0x00007ffc9a687000 	D:\install\android\jre\bin\VCRUNTIME140.dll
0x00007ffc9bda0000 - 0x00007ffc9bdb9000 	D:\install\android\jre\bin\jli.dll
0x00007ffca2210000 - 0x00007ffca23b0000 	C:\Windows\System32\USER32.dll
0x00007ffc82fd0000 - 0x00007ffc8326a000 	C:\Windows\WinSxS\amd64_microsoft.windows.common-controls_6595b64144ccf1df_6.0.19041.1110_none_60b5254171f9507e\COMCTL32.dll
0x00007ffca1e60000 - 0x00007ffca1e82000 	C:\Windows\System32\win32u.dll
0x00007ffca23c0000 - 0x00007ffca245e000 	C:\Windows\System32\msvcrt.dll
0x00007ffca2d70000 - 0x00007ffca2d9a000 	C:\Windows\System32\GDI32.dll
0x00007ffca1cb0000 - 0x00007ffca1dbb000 	C:\Windows\System32\gdi32full.dll
0x00007ffca1dc0000 - 0x00007ffca1e5d000 	C:\Windows\System32\msvcp_win.dll
0x00007ffca2c60000 - 0x00007ffca2c90000 	C:\Windows\System32\IMM32.DLL
0x00007ffc88ab0000 - 0x00007ffc88b4d000 	D:\install\android\jre\bin\msvcp140.dll
0x00007ffc4fd90000 - 0x00007ffc5085f000 	D:\install\android\jre\bin\server\jvm.dll
0x00007ffca3460000 - 0x00007ffca350e000 	C:\Windows\System32\ADVAPI32.dll
0x00007ffca2e60000 - 0x00007ffca2efc000 	C:\Windows\System32\sechost.dll
0x00007ffca37c0000 - 0x00007ffca38e5000 	C:\Windows\System32\RPCRT4.dll
0x00007ffca40e0000 - 0x00007ffca40e8000 	C:\Windows\System32\PSAPI.DLL
0x00007ffc9b9c0000 - 0x00007ffc9b9ca000 	C:\Windows\SYSTEM32\VERSION.dll
0x00007ffc8ae20000 - 0x00007ffc8ae47000 	C:\Windows\SYSTEM32\WINMM.dll
0x00007ffc99c90000 - 0x00007ffc99c99000 	C:\Windows\SYSTEM32\WSOCK32.dll
0x00007ffca36a0000 - 0x00007ffca370b000 	C:\Windows\System32\WS2_32.dll
0x00007ffca0420000 - 0x00007ffca0432000 	C:\Windows\SYSTEM32\kernel.appcore.dll
0x00007ffc99640000 - 0x00007ffc99651000 	D:\install\android\jre\bin\verify.dll
0x00007ffc9fe90000 - 0x00007ffca0074000 	C:\Windows\SYSTEM32\DBGHELP.DLL
0x00007ffc9aea0000 - 0x00007ffc9aecc000 	C:\Windows\SYSTEM32\dbgcore.DLL
0x00007ffca1c20000 - 0x00007ffca1ca2000 	C:\Windows\System32\bcryptPrimitives.dll
0x00007ffc963e0000 - 0x00007ffc96409000 	D:\install\android\jre\bin\java.dll
0x00007ffc98e30000 - 0x00007ffc98e3b000 	D:\install\android\jre\bin\jimage.dll
0x00007ffc96430000 - 0x00007ffc96448000 	D:\install\android\jre\bin\zip.dll

dbghelp: loaded successfully - version: 4.0.5 - missing functions: none
symbol engine: initialized successfully - sym options: 0x614 - pdb path: .;D:\install\android\jre\bin;C:\Windows\SYSTEM32;C:\Windows\WinSxS\amd64_microsoft.windows.common-controls_6595b64144ccf1df_6.0.19041.1110_none_60b5254171f9507e;D:\install\android\jre\bin\server

VM Arguments:
java_command: <unknown>
java_class_path (initial): <not set>
Launcher Type: SUN_STANDARD

[Global flags]
     intx CICompilerCount                          = 4                                         {product} {ergonomic}
     uint ConcGCThreads                            = 2                                         {product} {ergonomic}
     uint G1ConcRefinementThreads                  = 8                                         {product} {ergonomic}
   size_t G1HeapRegionSize                         = 1048576                                   {product} {ergonomic}
    uintx GCDrainStackTargetSize                   = 64                                        {product} {ergonomic}
   size_t InitialHeapSize                          = 266338304                                 {product} {ergonomic}
   size_t MarkStackSize                            = 4194304                                   {product} {ergonomic}
   size_t MaxHeapSize                              = 4238344192                                {product} {ergonomic}
   size_t MinHeapDeltaBytes                        = 1048576                                   {product} {ergonomic}
    uintx NonNMethodCodeHeapSize                   = 5836300                                {pd product} {ergonomic}
    uintx NonProfiledCodeHeapSize                  = 122910970                              {pd product} {ergonomic}
    uintx ProfiledCodeHeapSize                     = 122910970                              {pd product} {ergonomic}
    uintx ReservedCodeCacheSize                    = 251658240                              {pd product} {ergonomic}
     bool SegmentedCodeCache                       = true                                      {product} {ergonomic}
     bool UseCompressedClassPointers               = true                                 {lp64_product} {ergonomic}
     bool UseCompressedOops                        = true                                 {lp64_product} {ergonomic}
     bool UseG1GC                                  = true                                      {product} {ergonomic}
     bool UseLargePagesIndividualAllocation        = false                                  {pd product} {ergonomic}

Logging:
Log output configuration:
 #0: stdout all=warning uptime,level,tags
 #1: stderr all=off uptime,level,tags

Environment Variables:
PATH=C:\Program Files (x86)\Common Files\Oracle\Java\javapath;C:\Windows\system32;C:\Windows;C:\Windows\System32\Wbem;C:\Windows\System32\WindowsPowerShell\v1.0\;C:\Windows\System32\OpenSSH\;D:\xampp\php;C:\composer;C:\Program Files\Git\cmd;C:\Users\Kid\AppData\Local\Microsoft\WindowsApps;C:\Users\Kid\AppData\Local\Programs\Microsoft VS Code\bin;D:\src\flutter\bin;C:\Users\Kid\AppData\Roaming\Composer\vendor\bin;D:\src\flutter\bin\mingit\cmd
USERNAME=Kid
OS=Windows_NT
PROCESSOR_IDENTIFIER=Intel64 Family 6 Model 126 Stepping 5, GenuineIntel



---------------  S Y S T E M  ---------------

OS: Windows 10 , 64 bit Build 19041 (10.0.19041.1645)
OS uptime: 2 days 23:25 hours

CPU:total 8 (initial active 8) (4 cores per cpu, 2 threads per core) family 6 model 126 stepping 5 microcode 0x96, cmov, cx8, fxsr, mmx, sse, sse2, sse3, ssse3, sse4.1, sse4.2, popcnt, avx, avx2, aes, clmul, erms, 3dnowpref, lzcnt, ht, tsc, tscinvbit, bmi1, bmi2, adx, evex, sha, fma

Memory: 4k page, system-wide physical 16165M (5784M free)
TotalPageFile size 22335M (AvailPageFile size 189M)
current process WorkingSet (physical memory assigned to process): 10M, peak: 10M
current process commit charge ("private bytes"): 60M, peak: 314M

vm_info: OpenJDK 64-Bit Server VM (11.0.10+0-b96-7249189) for windows-amd64 JRE (11.0.10+0-b96-7249189), built on Mar 31 2021 21:44:00 by "builder" with MS VC++ 14.0 (VS2015)

END.
