#
# There is insufficient memory for the Java Runtime Environment to continue.
# Native memory allocation (mmap) failed to map 266338304 bytes for Failed to commit area from 0x00000006c3600000 to 0x00000006d3400000 of length 266338304.
# Possible reasons:
#   The system is out of physical RAM or swap space
#   The process is running with CompressedOops enabled, and the Java Heap may be blocking the growth of the native heap
# Possible solutions:
#   Reduce memory load on the system
#   Increase physical memory or swap space
#   Check if swap backing store is full
#   Decrease Java heap size (-Xmx/-Xms)
#   Decrease number of Java threads
#   Decrease Java thread stack sizes (-Xss)
#   Set larger code cache with -XX:ReservedCodeCacheSize=
# This output file may be truncated or incomplete.
#
#  Out of Memory Error (t:/workspace/open/src/hotspot/os/windows/os_windows.cpp:3221), pid=9440, tid=7156
#
# JRE version:  (10.0.1+10) (build )
# Java VM: Java HotSpot(TM) 64-Bit Server VM (10.0.1+10, mixed mode, aot, tiered, compressed oops, g1 gc, windows-amd64)
# No core dump will be written. Minidumps are not enabled by default on client versions of Windows
#

---------------  S U M M A R Y ------------

Command Line: 

Host: Intel(R) Core(TM) i5-1035G1 CPU @ 1.00GHz, 8 cores, 15G,  Windows 10 , 64 bit Build 19041 (10.0.19041.1645)
Time: Fri May 13 17:05:16 2022 Paris, Madrid (heure d?été) elapsed time: 1 seconds (0d 0h 0m 1s)

---------------  T H R E A D  ---------------

Current thread (0x000001f755c7e000):  JavaThread "Unknown thread" [_thread_in_vm, id=7156, stack(0x000000ab6fe00000,0x000000ab6ff00000)]

Stack: [0x000000ab6fe00000,0x000000ab6ff00000]
Native frames: (J=compiled Java code, j=interpreted, Vv=VM code, C=native code)
V  [jvm.dll+0x5a0369]
V  [jvm.dll+0x6bcf81]
V  [jvm.dll+0x6be176]
V  [jvm.dll+0x6be803]
V  [jvm.dll+0x234998]
V  [jvm.dll+0x59dc74]
V  [jvm.dll+0x592ab5]
V  [jvm.dll+0x2f625b]
V  [jvm.dll+0x2f61c5]
V  [jvm.dll+0x2f60a2]
V  [jvm.dll+0x2f8286]
V  [jvm.dll+0x3440d3]
V  [jvm.dll+0x3447e6]
V  [jvm.dll+0x3441d3]
V  [jvm.dll+0x2c43b8]
V  [jvm.dll+0x2c5501]
V  [jvm.dll+0x69d33b]
V  [jvm.dll+0x69eb5c]
V  [jvm.dll+0x351849]
V  [jvm.dll+0x6859c2]
V  [jvm.dll+0x3ba0a3]
V  [jvm.dll+0x3bc201]
C  [java.exe+0x3531]
C  [java.exe+0xe1af]
C  [java.exe+0xe356]
C  [KERNEL32.DLL+0x17034]
C  [ntdll.dll+0x52651]


---------------  P R O C E S S  ---------------

Threads class SMR info:
_java_thread_list=0x000001f7542c4070, length=0, elements={
}

Java Threads: ( => current thread )

Other Threads:
  0x000001f755c95800 GCTaskThread "GC Thread#0" [stack: 0x000000ab6ff00000,0x000000ab70000000] [id=17628]
  0x000001f755c97800 GCTaskThread "GC Thread#1" [stack: 0x000000ab70000000,0x000000ab70100000] [id=3132]
  0x000001f755c9a000 GCTaskThread "GC Thread#2" [stack: 0x000000ab70100000,0x000000ab70200000] [id=16696]
  0x000001f755c9d000 GCTaskThread "GC Thread#3" [stack: 0x000000ab70200000,0x000000ab70300000] [id=19596]
  0x000001f755c9e000 GCTaskThread "GC Thread#4" [stack: 0x000000ab70300000,0x000000ab70400000] [id=13380]
  0x000001f755ca2000 GCTaskThread "GC Thread#5" [stack: 0x000000ab70400000,0x000000ab70500000] [id=8912]
  0x000001f755ca9000 GCTaskThread "GC Thread#6" [stack: 0x000000ab70500000,0x000000ab70600000] [id=13796]
  0x000001f755caa000 GCTaskThread "GC Thread#7" [stack: 0x000000ab70600000,0x000000ab70700000] [id=16012]
  0x000001f755d6e000 ConcurrentGCThread "G1 Main Marker" [stack: 0x000000ab70700000,0x000000ab70800000] [id=14332]
  0x000001f7764dd000 ConcurrentGCThread "G1 Conc#0" [stack: 0x000000ab70800000,0x000000ab70900000] [id=10976]
  0x000001f7764de000 ConcurrentGCThread "G1 Conc#1" [stack: 0x000000ab70900000,0x000000ab70a00000] [id=6604]

[error occurred during error reporting (printing all threads), id 0xe0000002]

VM state:not at safepoint (not fully initialized)

VM Mutex/Monitor currently owned by a thread:  ([mutex/lock_event])
[0x000001f755c7cab0] Heap_lock - owner thread: 0x000001f755c7e000

Heap address: 0x00000006c3600000, size: 4042 MB, Compressed Oops mode: Non-zero based: 0x00000006c3600000
Narrow klass base: 0x0000000000000000, Narrow klass shift: 0

GC Heap History (0 events):
No events

Deoptimization events (0 events):
No events

Classes redefined (0 events):
No events

Internal exceptions (0 events):
No events

Events (0 events):
No events


Dynamic libraries:
0x00007ff6b6ab0000 - 0x00007ff6b6aee000 	C:\Program Files (x86)\Common Files\Oracle\Java\javapath\java.exe
0x00007ffca41b0000 - 0x00007ffca43a5000 	C:\Windows\SYSTEM32\ntdll.dll
0x00007ffca2da0000 - 0x00007ffca2e5e000 	C:\Windows\System32\KERNEL32.DLL
0x00007ffca1e90000 - 0x00007ffca2158000 	C:\Windows\System32\KERNELBASE.dll
0x00007ffca3460000 - 0x00007ffca350e000 	C:\Windows\System32\ADVAPI32.dll
0x00007ffca23c0000 - 0x00007ffca245e000 	C:\Windows\System32\msvcrt.dll
0x00007ffca2e60000 - 0x00007ffca2efc000 	C:\Windows\System32\sechost.dll
0x00007ffca37c0000 - 0x00007ffca38e5000 	C:\Windows\System32\RPCRT4.dll
0x00007ffca2210000 - 0x00007ffca23b0000 	C:\Windows\System32\USER32.dll
0x00007ffca1e60000 - 0x00007ffca1e82000 	C:\Windows\System32\win32u.dll
0x00007ffca2d70000 - 0x00007ffca2d9a000 	C:\Windows\System32\GDI32.dll
0x00007ffca1cb0000 - 0x00007ffca1dbb000 	C:\Windows\System32\gdi32full.dll
0x00007ffca1dc0000 - 0x00007ffca1e5d000 	C:\Windows\System32\msvcp_win.dll
0x00007ffca1a80000 - 0x00007ffca1b80000 	C:\Windows\System32\ucrtbase.dll
0x00007ffc82fd0000 - 0x00007ffc8326a000 	C:\Windows\WinSxS\amd64_microsoft.windows.common-controls_6595b64144ccf1df_6.0.19041.1110_none_60b5254171f9507e\COMCTL32.dll
0x00007ffc9b9c0000 - 0x00007ffc9b9ca000 	C:\Windows\SYSTEM32\VERSION.dll
0x00007ffca2c60000 - 0x00007ffca2c90000 	C:\Windows\System32\IMM32.DLL
0x00007ffc75150000 - 0x00007ffc7523f000 	C:\Program Files\Java\jre-10.0.1\bin\msvcr120.dll
0x00007ffc75e70000 - 0x00007ffc75f16000 	C:\Program Files\Java\jre-10.0.1\bin\msvcp120.dll
0x0000000076fe0000 - 0x0000000077a50000 	C:\Program Files\Java\jre-10.0.1\bin\server\jvm.dll
0x00007ffca40e0000 - 0x00007ffca40e8000 	C:\Windows\System32\PSAPI.DLL
0x00007ffc99c90000 - 0x00007ffc99c99000 	C:\Windows\SYSTEM32\WSOCK32.dll
0x00007ffc8ae20000 - 0x00007ffc8ae47000 	C:\Windows\SYSTEM32\WINMM.dll
0x00007ffca36a0000 - 0x00007ffca370b000 	C:\Windows\System32\WS2_32.dll
0x00007ffc9c050000 - 0x00007ffc9c05f000 	C:\Program Files\Java\jre-10.0.1\bin\verify.dll
0x00007ffc9fe90000 - 0x00007ffca0074000 	C:\Windows\SYSTEM32\DBGHELP.DLL
0x00007ffc9aea0000 - 0x00007ffc9aecc000 	C:\Windows\SYSTEM32\dbgcore.DLL
0x00007ffca1c20000 - 0x00007ffca1ca2000 	C:\Windows\System32\bcryptPrimitives.dll
0x00007ffc849d0000 - 0x00007ffc849f7000 	C:\Program Files\Java\jre-10.0.1\bin\java.dll
0x00007ffc8b370000 - 0x00007ffc8b386000 	C:\Program Files\Java\jre-10.0.1\bin\zip.dll
0x00007ffc98cd0000 - 0x00007ffc98cda000 	C:\Program Files\Java\jre-10.0.1\bin\jimage.dll

dbghelp: loaded successfully - version: 4.0.5 - missing functions: none
symbol engine: initialized successfully - sym options: 0x614 - pdb path: .;C:\Program Files (x86)\Common Files\Oracle\Java\javapath;C:\Windows\SYSTEM32;C:\Windows\WinSxS\amd64_microsoft.windows.common-controls_6595b64144ccf1df_6.0.19041.1110_none_60b5254171f9507e;C:\Program Files\Java\jre-10.0.1\bin;C:\Program Files\Java\jre-10.0.1\bin\server

VM Arguments:
java_command: <unknown>
java_class_path (initial): <not set>
Launcher Type: SUN_STANDARD

Logging:
Log output configuration:
#0: stdout all=warning uptime,level,tags
#1: stderr all=off uptime,level,tags

Environment Variables:
PATH=C:\Program Files (x86)\Common Files\Oracle\Java\javapath;C:\Windows\system32;C:\Windows;C:\Windows\System32\Wbem;C:\Windows\System32\WindowsPowerShell\v1.0\;C:\Windows\System32\OpenSSH\;D:\xampp\php;C:\composer;C:\Program Files\Git\cmd;C:\Users\Kid\AppData\Local\Microsoft\WindowsApps;C:\Users\Kid\AppData\Local\Programs\Microsoft VS Code\bin;D:\src\flutter\bin;C:\Users\Kid\AppData\Roaming\Composer\vendor\bin;D:\src\flutter\bin\mingit\cmd
USERNAME=Kid
OS=Windows_NT
PROCESSOR_IDENTIFIER=Intel64 Family 6 Model 126 Stepping 5, GenuineIntel



---------------  S Y S T E M  ---------------

OS: Windows 10 , 64 bit Build 19041 (10.0.19041.1645)

CPU:total 8 (initial active 8) (4 cores per cpu, 2 threads per core) family 6 model 126 stepping 5, cmov, cx8, fxsr, mmx, sse, sse2, sse3, ssse3, sse4.1, sse4.2, popcnt, avx, avx2, aes, clmul, erms, 3dnowpref, lzcnt, ht, tsc, tscinvbit, bmi1, bmi2, adx, evex, sha, fma

Memory: 4k page, physical 16553776k(5763684k free), swap 22871908k(108548k free)

vm_info: Java HotSpot(TM) 64-Bit Server VM (10.0.1+10) for windows-amd64 JRE (10.0.1+10), built on Mar 27 2018 02:27:48 by "mach5one" with MS VC++ 12.0 (VS2013)

END.
