#
# There is insufficient memory for the Java Runtime Environment to continue.
# Native memory allocation (malloc) failed to allocate 32744 bytes for ChunkPool::allocate
# Possible reasons:
#   The system is out of physical RAM or swap space
#   The process is running with CompressedOops enabled, and the Java Heap may be blocking the growth of the native heap
# Possible solutions:
#   Reduce memory load on the system
#   Increase physical memory or swap space
#   Check if swap backing store is full
#   Decrease Java heap size (-Xmx/-Xms)
#   Decrease number of Java threads
#   Decrease Java thread stack sizes (-Xss)
#   Set larger code cache with -XX:ReservedCodeCacheSize=
#   JVM is running with Unscaled Compressed Oops mode in which the Java heap is
#     placed in the first 4GB address space. The Java Heap base address is the
#     maximum limit for the native heap growth. Please use -XX:HeapBaseMinAddress
#     to set the Java Heap base and to place the Java Heap above 4GB virtual address.
# This output file may be truncated or incomplete.
#
#  Out of Memory Error (./src/hotspot/share/memory/arena.cpp:81), pid=3480, tid=11124
#
# JRE version: OpenJDK Runtime Environment (11.0.10) (build 11.0.10+0-b96-7249189)
# Java VM: OpenJDK 64-Bit Server VM (11.0.10+0-b96-7249189, mixed mode, tiered, compressed oops, g1 gc, windows-amd64)
# No core dump will be written. Minidumps are not enabled by default on client versions of Windows
#

---------------  S U M M A R Y ------------

Command Line: --add-opens=java.base/java.util=ALL-UNNAMED --add-opens=java.base/java.lang=ALL-UNNAMED --add-opens=java.base/java.lang.invoke=ALL-UNNAMED --add-opens=java.prefs/java.util.prefs=ALL-UNNAMED -Xmx1536M -Dfile.encoding=windows-1252 -Duser.country=FR -Duser.language=fr -Duser.variant org.gradle.launcher.daemon.bootstrap.GradleDaemon 6.7

Host: Intel(R) Core(TM) i5-1035G1 CPU @ 1.00GHz, 8 cores, 15G,  Windows 10 , 64 bit Build 19041 (10.0.19041.1645)
Time: Fri May 13 17:04:00 2022 Paris, Madrid (heure d’été) elapsed time: 3082.056593 seconds (0d 0h 51m 22s)

---------------  T H R E A D  ---------------

Current thread (0x000001b4ff8ab800):  JavaThread "C2 CompilerThread0" daemon [_thread_in_native, id=11124, stack(0x0000008df0700000,0x0000008df0800000)]


Current CompileTask:
C2:3082056 12725   !   4       java.util.concurrent.ThreadPoolExecutor::getTask (177 bytes)

Stack: [0x0000008df0700000,0x0000008df0800000]
Native frames: (J=compiled Java code, j=interpreted, Vv=VM code, C=native code)
V  [jvm.dll+0x5ecfaa]
V  [jvm.dll+0x722bd5]
V  [jvm.dll+0x72412d]
V  [jvm.dll+0x7247e3]
V  [jvm.dll+0x242928]
V  [jvm.dll+0xbc75b]
V  [jvm.dll+0xbca0c]
V  [jvm.dll+0xbc608]
V  [jvm.dll+0x5cc386]
V  [jvm.dll+0x5cb17e]
V  [jvm.dll+0x591e3b]
V  [jvm.dll+0x591f37]
V  [jvm.dll+0x191ffd]
V  [jvm.dll+0x58b8fe]
V  [jvm.dll+0x34f7fc]
V  [jvm.dll+0x35026b]
V  [jvm.dll+0x2cece1]
V  [jvm.dll+0x5b4bc1]
V  [jvm.dll+0x104b7c]
V  [jvm.dll+0x331719]
V  [jvm.dll+0x4df453]
V  [jvm.dll+0x4e2fb1]
V  [jvm.dll+0x4d0aeb]
V  [jvm.dll+0x2b40b3]
V  [jvm.dll+0x60a0f9]
V  [jvm.dll+0x601fea]
V  [jvm.dll+0x601653]
V  [jvm.dll+0x5ff6a2]
V  [jvm.dll+0x185d3c]
V  [jvm.dll+0x2b40b3]
V  [jvm.dll+0x60a0f9]
V  [jvm.dll+0x601fea]
V  [jvm.dll+0x601653]
V  [jvm.dll+0x5ff6a2]
V  [jvm.dll+0x185d3c]
V  [jvm.dll+0x2b40b3]
V  [jvm.dll+0x60a0f9]
V  [jvm.dll+0x601fea]
V  [jvm.dll+0x601653]
V  [jvm.dll+0x5ff6a2]
V  [jvm.dll+0x185d3c]
V  [jvm.dll+0x2b40b3]
V  [jvm.dll+0x60a0f9]
V  [jvm.dll+0x601fea]
V  [jvm.dll+0x601653]
V  [jvm.dll+0x5ff6a2]
V  [jvm.dll+0x185d3c]
V  [jvm.dll+0x2b40b3]
V  [jvm.dll+0x60a0f9]
V  [jvm.dll+0x601fea]
V  [jvm.dll+0x601653]
V  [jvm.dll+0x5ff6a2]
V  [jvm.dll+0x185d3c]
V  [jvm.dll+0x2b40b3]
V  [jvm.dll+0x60a0f9]
V  [jvm.dll+0x601fea]
V  [jvm.dll+0x601653]
V  [jvm.dll+0x5ff6a2]
V  [jvm.dll+0x185d3c]
V  [jvm.dll+0x2b40b3]
V  [jvm.dll+0x60a0f9]
V  [jvm.dll+0x601fea]
V  [jvm.dll+0x601653]
V  [jvm.dll+0x5ff6a2]
V  [jvm.dll+0x185d3c]
V  [jvm.dll+0x2b40b3]
V  [jvm.dll+0x60a0f9]
V  [jvm.dll+0x601fea]
V  [jvm.dll+0x601653]
V  [jvm.dll+0x5ff6a2]
V  [jvm.dll+0x185d3c]
V  [jvm.dll+0x186a89]
V  [jvm.dll+0x2b40b3]
V  [jvm.dll+0x60a0f9]
V  [jvm.dll+0x601fea]
V  [jvm.dll+0x601653]
V  [jvm.dll+0x5ff6a2]
V  [jvm.dll+0x185d3c]
V  [jvm.dll+0x1fa515]
V  [jvm.dll+0x18354c]
V  [jvm.dll+0x208ee7]
V  [jvm.dll+0x207731]
V  [jvm.dll+0x6eb1cf]
V  [jvm.dll+0x6e3d45]
V  [jvm.dll+0x5ebe96]
C  [ucrtbase.dll+0x21bb2]
C  [KERNEL32.DLL+0x17034]
C  [ntdll.dll+0x52651]


---------------  P R O C E S S  ---------------

Threads class SMR info:
_java_thread_list=0x000001b485804fe0, length=133, elements={
0x000001b4e866a000, 0x000001b4ff81b000, 0x000001b4ff81c800, 0x000001b4ff89c000,
0x000001b4ff89f000, 0x000001b4ff8a8800, 0x000001b4ff8ab800, 0x000001b4ff8c5800,
0x000001b4ff8a4000, 0x000001b4ff8a6000, 0x000001b4ff8a3800, 0x000001b4ff8a9000,
0x000001b4ff8a7800, 0x000001b484724800, 0x000001b484727000, 0x000001b484728000,
0x000001b484728800, 0x000001b48472c000, 0x000001b4883c2000, 0x000001b4897d9000,
0x000001b4883c0800, 0x000001b4883bc800, 0x000001b4897cb000, 0x000001b4897cd800,
0x000001b4897ce800, 0x000001b4897cf000, 0x000001b4897ca000, 0x000001b4897d6800,
0x000001b4897d5000, 0x000001b4897d3000, 0x000001b4897d1800, 0x000001b4897d0800,
0x000001b4897d4000, 0x000001b4897d7800, 0x000001b4897d8000, 0x000001b4897d2800,
0x000001b484725800, 0x000001b484723800, 0x000001b484726000, 0x000001b484722000,
0x000001b484723000, 0x000001b484729800, 0x000001b48472d800, 0x000001b48472b000,
0x000001b48472c800, 0x000001b48472e800, 0x000001b4ff8aa000, 0x000001b4ff8a5000,
0x000001b4ff8a6800, 0x000001b484e48800, 0x000001b484e48000, 0x000001b484e4d800,
0x000001b484e49800, 0x000001b484e4d000, 0x000001b484e4e800, 0x000001b484e4f000,
0x000001b484e4c000, 0x000001b484e50000, 0x000001b484e4a800, 0x000001b484e4b000,
0x000001b484e51000, 0x000001b484e55000, 0x000001b484e51800, 0x000001b484e52800,
0x000001b484e56800, 0x000001b484e53800, 0x000001b484e54000, 0x000001b484e56000,
0x000001b483142000, 0x000001b48313e800, 0x000001b483140000, 0x000001b483145000,
0x000001b483142800, 0x000001b483144800, 0x000001b483141000, 0x000001b48313f800,
0x000001b483143800, 0x000001b484792800, 0x000001b484796800, 0x000001b484797000,
0x000001b484794000, 0x000001b484799000, 0x000001b484793000, 0x000001b484798000,
0x000001b484799800, 0x000001b48479a800, 0x000001b484794800, 0x000001b484795800,
0x000001b48479e800, 0x000001b48479d000, 0x000001b48479d800, 0x000001b4847a0000,
0x000001b48479f800, 0x000001b4847a1000, 0x000001b48479b000, 0x000001b48479c000,
0x000001b4832de800, 0x000001b4832e0000, 0x000001b4832dd000, 0x000001b4832df800,
0x000001b4832e2800, 0x000001b4832e1000, 0x000001b4832e1800, 0x000001b4832e3800,
0x000001b4832dd800, 0x000001b4832e9000, 0x000001b4832e8800, 0x000001b4832ea000,
0x000001b4832e4000, 0x000001b4832e6800, 0x000001b4832e6000, 0x000001b4832e5000,
0x000001b4832e7800, 0x000001b4832ea800, 0x000001b4832eb800, 0x000001b48c537800,
0x000001b48c537000, 0x000001b48c53a000, 0x000001b48c539800, 0x000001b48c536000,
0x000001b48c53b000, 0x000001b48c53b800, 0x000001b48c53c800, 0x000001b48c53d800,
0x000001b48c53e000, 0x000001b48c538800, 0x000001b48c53f000, 0x000001b48c540000,
0x000001b48de2f000, 0x000001b48de2c000, 0x000001b48de2d800, 0x000001b48492d000,
0x000001b4874ab000
}

Java Threads: ( => current thread )
  0x000001b4e866a000 JavaThread "main" [_thread_blocked, id=19844, stack(0x0000008defb00000,0x0000008defc00000)]
  0x000001b4ff81b000 JavaThread "Reference Handler" daemon [_thread_blocked, id=9440, stack(0x0000008df0200000,0x0000008df0300000)]
  0x000001b4ff81c800 JavaThread "Finalizer" daemon [_thread_blocked, id=18412, stack(0x0000008df0300000,0x0000008df0400000)]
  0x000001b4ff89c000 JavaThread "Signal Dispatcher" daemon [_thread_blocked, id=15564, stack(0x0000008df0400000,0x0000008df0500000)]
  0x000001b4ff89f000 JavaThread "Attach Listener" daemon [_thread_blocked, id=10088, stack(0x0000008df0500000,0x0000008df0600000)]
  0x000001b4ff8a8800 JavaThread "Service Thread" daemon [_thread_blocked, id=18088, stack(0x0000008df0600000,0x0000008df0700000)]
=>0x000001b4ff8ab800 JavaThread "C2 CompilerThread0" daemon [_thread_in_native, id=11124, stack(0x0000008df0700000,0x0000008df0800000)]
  0x000001b4ff8c5800 JavaThread "C1 CompilerThread0" daemon [_thread_blocked, id=12580, stack(0x0000008df0800000,0x0000008df0900000)]
  0x000001b4ff8a4000 JavaThread "Sweeper thread" daemon [_thread_blocked, id=14496, stack(0x0000008df0900000,0x0000008df0a00000)]
  0x000001b4ff8a6000 JavaThread "Common-Cleaner" daemon [_thread_blocked, id=6288, stack(0x0000008df0a00000,0x0000008df0b00000)]
  0x000001b4ff8a3800 JavaThread "Daemon health stats" [_thread_blocked, id=10272, stack(0x0000008df1300000,0x0000008df1400000)]
  0x000001b4ff8a9000 JavaThread "Incoming local TCP Connector on port 54459" [_thread_in_native, id=7836, stack(0x0000008df0c00000,0x0000008df0d00000)]
  0x000001b4ff8a7800 JavaThread "Daemon periodic checks" [_thread_blocked, id=16728, stack(0x0000008df1500000,0x0000008df1600000)]
  0x000001b484724800 JavaThread "Cache worker for file hash cache (C:\Users\Kid\.gradle\caches\6.7\fileHashes)" [_thread_blocked, id=3136, stack(0x0000008df1d00000,0x0000008df1e00000)]
  0x000001b484727000 JavaThread "File lock request listener" [_thread_in_native, id=5996, stack(0x0000008df1e00000,0x0000008df1f00000)]
  0x000001b484728000 JavaThread "Cache worker for journal cache (C:\Users\Kid\.gradle\caches\journal-1)" [_thread_blocked, id=11916, stack(0x0000008df1f00000,0x0000008df2000000)]
  0x000001b484728800 JavaThread "Cache worker for execution history cache (C:\Users\Kid\.gradle\caches\6.7\executionHistory)" [_thread_blocked, id=16560, stack(0x0000008df2900000,0x0000008df2a00000)]
  0x000001b48472c000 JavaThread "Cache worker for file content cache (C:\Users\Kid\.gradle\caches\6.7\fileContent)" [_thread_blocked, id=13572, stack(0x0000008df2b00000,0x0000008df2c00000)]
  0x000001b4883c2000 JavaThread "Memory manager" [_thread_blocked, id=4872, stack(0x0000008df9000000,0x0000008df9100000)]
  0x000001b4897d9000 JavaThread "ForkJoinPool.commonPool-worker-7" daemon [_thread_blocked, id=10964, stack(0x0000008dfb000000,0x0000008dfb100000)]
  0x000001b4883c0800 JavaThread "Daemon Thread 2" [_thread_blocked, id=14160, stack(0x0000008def800000,0x0000008def900000)]
  0x000001b4883bc800 JavaThread "Daemon worker Thread 2" [_thread_blocked, id=5224, stack(0x0000008df1200000,0x0000008df1300000)]
  0x000001b4897cb000 JavaThread "jar transforms Thread 107" [_thread_blocked, id=18776, stack(0x0000008df2f00000,0x0000008df3000000)]
  0x000001b4897cd800 JavaThread "jar transforms Thread 108" [_thread_blocked, id=19436, stack(0x0000008df3000000,0x0000008df3100000)]
  0x000001b4897ce800 JavaThread "jar transforms Thread 109" [_thread_blocked, id=18180, stack(0x0000008df3100000,0x0000008df3200000)]
  0x000001b4897cf000 JavaThread "jar transforms Thread 110" [_thread_blocked, id=5372, stack(0x0000008df3200000,0x0000008df3300000)]
  0x000001b4897ca000 JavaThread "jar transforms Thread 111" [_thread_blocked, id=2768, stack(0x0000008df3300000,0x0000008df3400000)]
  0x000001b4897d6800 JavaThread "jar transforms Thread 112" [_thread_blocked, id=12728, stack(0x0000008df3400000,0x0000008df3500000)]
  0x000001b4897d5000 JavaThread "jar transforms Thread 113" [_thread_blocked, id=16172, stack(0x0000008df3500000,0x0000008df3600000)]
  0x000001b4897d3000 JavaThread "jar transforms Thread 114" [_thread_blocked, id=4040, stack(0x0000008df3600000,0x0000008df3700000)]
  0x000001b4897d1800 JavaThread "jar transforms Thread 115" [_thread_blocked, id=15048, stack(0x0000008df3700000,0x0000008df3800000)]
  0x000001b4897d0800 JavaThread "jar transforms Thread 116" [_thread_blocked, id=18460, stack(0x0000008df3800000,0x0000008df3900000)]
  0x000001b4897d4000 JavaThread "jar transforms Thread 117" [_thread_blocked, id=11520, stack(0x0000008df3900000,0x0000008df3a00000)]
  0x000001b4897d7800 JavaThread "jar transforms Thread 118" [_thread_blocked, id=12108, stack(0x0000008df3a00000,0x0000008df3b00000)]
  0x000001b4897d8000 JavaThread "jar transforms Thread 119" [_thread_blocked, id=19284, stack(0x0000008df3b00000,0x0000008df3c00000)]
  0x000001b4897d2800 JavaThread "jar transforms Thread 120" [_thread_blocked, id=15120, stack(0x0000008df3c00000,0x0000008df3d00000)]
  0x000001b484725800 JavaThread "jar transforms Thread 121" [_thread_blocked, id=11700, stack(0x0000008df3d00000,0x0000008df3e00000)]
  0x000001b484723800 JavaThread "jar transforms Thread 122" [_thread_blocked, id=9616, stack(0x0000008df3e00000,0x0000008df3f00000)]
  0x000001b484726000 JavaThread "jar transforms Thread 123" [_thread_blocked, id=18596, stack(0x0000008df3f00000,0x0000008df4000000)]
  0x000001b484722000 JavaThread "jar transforms Thread 124" [_thread_blocked, id=9840, stack(0x0000008df4000000,0x0000008df4100000)]
  0x000001b484723000 JavaThread "jar transforms Thread 125" [_thread_blocked, id=19180, stack(0x0000008df4100000,0x0000008df4200000)]
  0x000001b484729800 JavaThread "jar transforms Thread 126" [_thread_blocked, id=16880, stack(0x0000008df4200000,0x0000008df4300000)]
  0x000001b48472d800 JavaThread "jar transforms Thread 127" [_thread_blocked, id=15428, stack(0x0000008df4300000,0x0000008df4400000)]
  0x000001b48472b000 JavaThread "jar transforms Thread 128" [_thread_blocked, id=18264, stack(0x0000008df4400000,0x0000008df4500000)]
  0x000001b48472c800 JavaThread "jar transforms Thread 129" [_thread_blocked, id=10028, stack(0x0000008df4500000,0x0000008df4600000)]
  0x000001b48472e800 JavaThread "jar transforms Thread 130" [_thread_blocked, id=18656, stack(0x0000008df4600000,0x0000008df4700000)]
  0x000001b4ff8aa000 JavaThread "jar transforms Thread 131" [_thread_blocked, id=19200, stack(0x0000008df4700000,0x0000008df4800000)]
  0x000001b4ff8a5000 JavaThread "jar transforms Thread 132" [_thread_blocked, id=18796, stack(0x0000008df4800000,0x0000008df4900000)]
  0x000001b4ff8a6800 JavaThread "jar transforms Thread 133" [_thread_blocked, id=12816, stack(0x0000008df4900000,0x0000008df4a00000)]
  0x000001b484e48800 JavaThread "jar transforms Thread 134" [_thread_blocked, id=14124, stack(0x0000008df4a00000,0x0000008df4b00000)]
  0x000001b484e48000 JavaThread "jar transforms Thread 135" [_thread_blocked, id=15724, stack(0x0000008df4b00000,0x0000008df4c00000)]
  0x000001b484e4d800 JavaThread "jar transforms Thread 136" [_thread_blocked, id=12792, stack(0x0000008df4c00000,0x0000008df4d00000)]
  0x000001b484e49800 JavaThread "jar transforms Thread 137" [_thread_blocked, id=14544, stack(0x0000008df4d00000,0x0000008df4e00000)]
  0x000001b484e4d000 JavaThread "jar transforms Thread 138" [_thread_blocked, id=14724, stack(0x0000008df4e00000,0x0000008df4f00000)]
  0x000001b484e4e800 JavaThread "jar transforms Thread 139" [_thread_blocked, id=6256, stack(0x0000008df4f00000,0x0000008df5000000)]
  0x000001b484e4f000 JavaThread "jar transforms Thread 140" [_thread_blocked, id=8208, stack(0x0000008df5000000,0x0000008df5100000)]
  0x000001b484e4c000 JavaThread "jar transforms Thread 141" [_thread_blocked, id=10332, stack(0x0000008df5100000,0x0000008df5200000)]
  0x000001b484e50000 JavaThread "jar transforms Thread 142" [_thread_blocked, id=17592, stack(0x0000008df5200000,0x0000008df5300000)]
  0x000001b484e4a800 JavaThread "jar transforms Thread 143" [_thread_blocked, id=10752, stack(0x0000008df5300000,0x0000008df5400000)]
  0x000001b484e4b000 JavaThread "jar transforms Thread 144" [_thread_blocked, id=5584, stack(0x0000008df5400000,0x0000008df5500000)]
  0x000001b484e51000 JavaThread "jar transforms Thread 145" [_thread_blocked, id=9052, stack(0x0000008df5500000,0x0000008df5600000)]
  0x000001b484e55000 JavaThread "jar transforms Thread 146" [_thread_blocked, id=17504, stack(0x0000008df5600000,0x0000008df5700000)]
  0x000001b484e51800 JavaThread "jar transforms Thread 147" [_thread_blocked, id=20368, stack(0x0000008df5700000,0x0000008df5800000)]
  0x000001b484e52800 JavaThread "jar transforms Thread 148" [_thread_blocked, id=20320, stack(0x0000008df5800000,0x0000008df5900000)]
  0x000001b484e56800 JavaThread "jar transforms Thread 149" [_thread_blocked, id=18548, stack(0x0000008df5900000,0x0000008df5a00000)]
  0x000001b484e53800 JavaThread "jar transforms Thread 150" [_thread_blocked, id=15164, stack(0x0000008df5a00000,0x0000008df5b00000)]
  0x000001b484e54000 JavaThread "jar transforms Thread 151" [_thread_blocked, id=16500, stack(0x0000008df5b00000,0x0000008df5c00000)]
  0x000001b484e56000 JavaThread "jar transforms Thread 152" [_thread_blocked, id=17128, stack(0x0000008df5c00000,0x0000008df5d00000)]
  0x000001b483142000 JavaThread "jar transforms Thread 153" [_thread_blocked, id=15224, stack(0x0000008df5d00000,0x0000008df5e00000)]
  0x000001b48313e800 JavaThread "jar transforms Thread 154" [_thread_blocked, id=16072, stack(0x0000008df5e00000,0x0000008df5f00000)]
  0x000001b483140000 JavaThread "jar transforms Thread 155" [_thread_blocked, id=19276, stack(0x0000008df5f00000,0x0000008df6000000)]
  0x000001b483145000 JavaThread "jar transforms Thread 156" [_thread_blocked, id=19196, stack(0x0000008df6000000,0x0000008df6100000)]
  0x000001b483142800 JavaThread "jar transforms Thread 157" [_thread_blocked, id=12152, stack(0x0000008df6100000,0x0000008df6200000)]
  0x000001b483144800 JavaThread "jar transforms Thread 158" [_thread_blocked, id=14712, stack(0x0000008df6200000,0x0000008df6300000)]
  0x000001b483141000 JavaThread "jar transforms Thread 159" [_thread_blocked, id=13588, stack(0x0000008df6300000,0x0000008df6400000)]
  0x000001b48313f800 JavaThread "jar transforms Thread 160" [_thread_blocked, id=1500, stack(0x0000008df6400000,0x0000008df6500000)]
  0x000001b483143800 JavaThread "jar transforms Thread 161" [_thread_blocked, id=16076, stack(0x0000008df6500000,0x0000008df6600000)]
  0x000001b484792800 JavaThread "jar transforms Thread 162" [_thread_blocked, id=9868, stack(0x0000008df6600000,0x0000008df6700000)]
  0x000001b484796800 JavaThread "jar transforms Thread 163" [_thread_blocked, id=9212, stack(0x0000008df6700000,0x0000008df6800000)]
  0x000001b484797000 JavaThread "jar transforms Thread 164" [_thread_blocked, id=5352, stack(0x0000008df6800000,0x0000008df6900000)]
  0x000001b484794000 JavaThread "jar transforms Thread 165" [_thread_blocked, id=9824, stack(0x0000008df6900000,0x0000008df6a00000)]
  0x000001b484799000 JavaThread "jar transforms Thread 166" [_thread_blocked, id=1732, stack(0x0000008df6a00000,0x0000008df6b00000)]
  0x000001b484793000 JavaThread "jar transforms Thread 167" [_thread_blocked, id=19964, stack(0x0000008df6b00000,0x0000008df6c00000)]
  0x000001b484798000 JavaThread "jar transforms Thread 168" [_thread_blocked, id=19600, stack(0x0000008df6c00000,0x0000008df6d00000)]
  0x000001b484799800 JavaThread "jar transforms Thread 169" [_thread_blocked, id=12968, stack(0x0000008df6d00000,0x0000008df6e00000)]
  0x000001b48479a800 JavaThread "jar transforms Thread 170" [_thread_blocked, id=8608, stack(0x0000008df6e00000,0x0000008df6f00000)]
  0x000001b484794800 JavaThread "jar transforms Thread 171" [_thread_blocked, id=12280, stack(0x0000008df6f00000,0x0000008df7000000)]
  0x000001b484795800 JavaThread "jar transforms Thread 172" [_thread_blocked, id=17724, stack(0x0000008df7000000,0x0000008df7100000)]
  0x000001b48479e800 JavaThread "jar transforms Thread 173" [_thread_blocked, id=18976, stack(0x0000008df7100000,0x0000008df7200000)]
  0x000001b48479d000 JavaThread "jar transforms Thread 174" [_thread_blocked, id=7976, stack(0x0000008df7200000,0x0000008df7300000)]
  0x000001b48479d800 JavaThread "jar transforms Thread 175" [_thread_blocked, id=10260, stack(0x0000008df7300000,0x0000008df7400000)]
  0x000001b4847a0000 JavaThread "jar transforms Thread 176" [_thread_blocked, id=7156, stack(0x0000008df7400000,0x0000008df7500000)]
  0x000001b48479f800 JavaThread "jar transforms Thread 177" [_thread_blocked, id=18528, stack(0x0000008df7500000,0x0000008df7600000)]
  0x000001b4847a1000 JavaThread "jar transforms Thread 178" [_thread_blocked, id=12328, stack(0x0000008df7600000,0x0000008df7700000)]
  0x000001b48479b000 JavaThread "jar transforms Thread 179" [_thread_blocked, id=9692, stack(0x0000008df7700000,0x0000008df7800000)]
  0x000001b48479c000 JavaThread "jar transforms Thread 180" [_thread_blocked, id=19064, stack(0x0000008df7800000,0x0000008df7900000)]
  0x000001b4832de800 JavaThread "jar transforms Thread 181" [_thread_blocked, id=19368, stack(0x0000008df7900000,0x0000008df7a00000)]
  0x000001b4832e0000 JavaThread "jar transforms Thread 182" [_thread_blocked, id=19836, stack(0x0000008df7a00000,0x0000008df7b00000)]
  0x000001b4832dd000 JavaThread "jar transforms Thread 183" [_thread_blocked, id=14012, stack(0x0000008df7b00000,0x0000008df7c00000)]
  0x000001b4832df800 JavaThread "jar transforms Thread 184" [_thread_blocked, id=17708, stack(0x0000008df7c00000,0x0000008df7d00000)]
  0x000001b4832e2800 JavaThread "jar transforms Thread 185" [_thread_blocked, id=11148, stack(0x0000008df7d00000,0x0000008df7e00000)]
  0x000001b4832e1000 JavaThread "jar transforms Thread 186" [_thread_blocked, id=12032, stack(0x0000008df7e00000,0x0000008df7f00000)]
  0x000001b4832e1800 JavaThread "jar transforms Thread 187" [_thread_blocked, id=16508, stack(0x0000008df7f00000,0x0000008df8000000)]
  0x000001b4832e3800 JavaThread "jar transforms Thread 188" [_thread_blocked, id=15116, stack(0x0000008df8000000,0x0000008df8100000)]
  0x000001b4832dd800 JavaThread "jar transforms Thread 189" [_thread_blocked, id=15336, stack(0x0000008df8100000,0x0000008df8200000)]
  0x000001b4832e9000 JavaThread "jar transforms Thread 190" [_thread_blocked, id=15864, stack(0x0000008df8200000,0x0000008df8300000)]
  0x000001b4832e8800 JavaThread "jar transforms Thread 191" [_thread_blocked, id=16944, stack(0x0000008df8300000,0x0000008df8400000)]
  0x000001b4832ea000 JavaThread "jar transforms Thread 192" [_thread_blocked, id=9328, stack(0x0000008df8400000,0x0000008df8500000)]
  0x000001b4832e4000 JavaThread "jar transforms Thread 193" [_thread_blocked, id=19492, stack(0x0000008df8500000,0x0000008df8600000)]
  0x000001b4832e6800 JavaThread "jar transforms Thread 194" [_thread_blocked, id=7552, stack(0x0000008df8600000,0x0000008df8700000)]
  0x000001b4832e6000 JavaThread "jar transforms Thread 195" [_thread_blocked, id=964, stack(0x0000008df8700000,0x0000008df8800000)]
  0x000001b4832e5000 JavaThread "jar transforms Thread 196" [_thread_blocked, id=15944, stack(0x0000008df8800000,0x0000008df8900000)]
  0x000001b4832e7800 JavaThread "jar transforms Thread 197" [_thread_blocked, id=16352, stack(0x0000008df8900000,0x0000008df8a00000)]
  0x000001b4832ea800 JavaThread "jar transforms Thread 198" [_thread_blocked, id=14032, stack(0x0000008df8a00000,0x0000008df8b00000)]
  0x000001b4832eb800 JavaThread "jar transforms Thread 199" [_thread_blocked, id=10104, stack(0x0000008df8b00000,0x0000008df8c00000)]
  0x000001b48c537800 JavaThread "jar transforms Thread 200" [_thread_blocked, id=18032, stack(0x0000008df8c00000,0x0000008df8d00000)]
  0x000001b48c537000 JavaThread "jar transforms Thread 201" [_thread_blocked, id=16788, stack(0x0000008df8d00000,0x0000008df8e00000)]
  0x000001b48c53a000 JavaThread "jar transforms Thread 202" [_thread_blocked, id=18644, stack(0x0000008df8e00000,0x0000008df8f00000)]
  0x000001b48c539800 JavaThread "jar transforms Thread 203" [_thread_blocked, id=14504, stack(0x0000008df8f00000,0x0000008df9000000)]
  0x000001b48c536000 JavaThread "jar transforms Thread 204" [_thread_blocked, id=10856, stack(0x0000008df9100000,0x0000008df9200000)]
  0x000001b48c53b000 JavaThread "jar transforms Thread 205" [_thread_blocked, id=15956, stack(0x0000008df9200000,0x0000008df9300000)]
  0x000001b48c53b800 JavaThread "jar transforms Thread 206" [_thread_blocked, id=6704, stack(0x0000008df9300000,0x0000008df9400000)]
  0x000001b48c53c800 JavaThread "jar transforms Thread 207" [_thread_blocked, id=19780, stack(0x0000008df9400000,0x0000008df9500000)]
  0x000001b48c53d800 JavaThread "jar transforms Thread 208" [_thread_blocked, id=6500, stack(0x0000008df9500000,0x0000008df9600000)]
  0x000001b48c53e000 JavaThread "jar transforms Thread 209" [_thread_blocked, id=18768, stack(0x0000008df9600000,0x0000008df9700000)]
  0x000001b48c538800 JavaThread "jar transforms Thread 210" [_thread_blocked, id=14184, stack(0x0000008df9700000,0x0000008df9800000)]
  0x000001b48c53f000 JavaThread "jar transforms Thread 211" [_thread_blocked, id=19708, stack(0x0000008df9800000,0x0000008df9900000)]
  0x000001b48c540000 JavaThread "jar transforms Thread 212" [_thread_blocked, id=152, stack(0x0000008df9900000,0x0000008df9a00000)]
  0x000001b48de2f000 JavaThread "Exec process Thread 4" [_thread_blocked, id=16804, stack(0x0000008dfa400000,0x0000008dfa500000)]
  0x000001b48de2c000 JavaThread "Exec process Thread 5" [_thread_blocked, id=15352, stack(0x0000008dfa500000,0x0000008dfa600000)]
  0x000001b48de2d800 JavaThread "Exec process Thread 6" [_thread_blocked, id=16940, stack(0x0000008dfa600000,0x0000008dfa700000)]
  0x000001b48492d000 JavaThread "C2 CompilerThread1" daemon [_thread_blocked, id=6916, stack(0x0000008df2300000,0x0000008df2400000)]
  0x000001b4874ab000 JavaThread "C2 CompilerThread2" daemon [_thread_blocked, id=11680, stack(0x0000008df2e00000,0x0000008df2f00000)]

Other Threads:
  0x000001b4ff80e000 VMThread "VM Thread" [stack: 0x0000008df0100000,0x0000008df0200000] [id=17348]
  0x000001b4ffa5a000 WatcherThread [stack: 0x0000008df0b00000,0x0000008df0c00000] [id=5132]
  0x000001b4e8683000 GCTaskThread "GC Thread#0" [stack: 0x0000008defc00000,0x0000008defd00000] [id=12820]
  0x000001b483172800 GCTaskThread "GC Thread#1" [stack: 0x0000008df0d00000,0x0000008df0e00000] [id=19216]
  0x000001b4834e7800 GCTaskThread "GC Thread#2" [stack: 0x0000008df0e00000,0x0000008df0f00000] [id=12440]
  0x000001b4834d6000 GCTaskThread "GC Thread#3" [stack: 0x0000008df0f00000,0x0000008df1000000] [id=5296]
  0x000001b4834d6800 GCTaskThread "GC Thread#4" [stack: 0x0000008df1000000,0x0000008df1100000] [id=9504]
  0x000001b4830fa800 GCTaskThread "GC Thread#5" [stack: 0x0000008df1100000,0x0000008df1200000] [id=19364]
  0x000001b4830f4000 GCTaskThread "GC Thread#6" [stack: 0x0000008df2000000,0x0000008df2100000] [id=15540]
  0x000001b4830f5800 GCTaskThread "GC Thread#7" [stack: 0x0000008df2100000,0x0000008df2200000] [id=17096]
  0x000001b4e86ae800 ConcurrentGCThread "G1 Main Marker" [stack: 0x0000008defd00000,0x0000008defe00000] [id=18928]
  0x000001b4e86b1000 ConcurrentGCThread "G1 Conc#0" [stack: 0x0000008defe00000,0x0000008deff00000] [id=13420]
  0x000001b4830fb800 ConcurrentGCThread "G1 Conc#1" [stack: 0x0000008df2200000,0x0000008df2300000] [id=6468]
  0x000001b4e874e000 ConcurrentGCThread "G1 Refine#0" [stack: 0x0000008deff00000,0x0000008df0000000] [id=9896]
  0x000001b48baad000 ConcurrentGCThread "G1 Refine#1" [stack: 0x0000008df9f00000,0x0000008dfa000000] [id=19080]
  0x000001b48baaa800 ConcurrentGCThread "G1 Refine#2" [stack: 0x0000008dfa000000,0x0000008dfa100000] [id=14924]
  0x000001b4ff67e800 ConcurrentGCThread "G1 Young RemSet Sampling" [stack: 0x0000008df0000000,0x0000008df0100000] [id=14968]

Threads with active compile tasks:
C2 CompilerThread03083179 12725   !   4       java.util.concurrent.ThreadPoolExecutor::getTask (177 bytes)

VM state:not at safepoint (normal execution)

VM Mutex/Monitor currently owned by a thread: None

Heap address: 0x00000000a0000000, size: 1536 MB, Compressed Oops mode: 32-bit
Narrow klass base: 0x0000000000000000, Narrow klass shift: 3
Compressed class space size: 1073741824 Address: 0x0000000100000000

Heap:
 garbage-first heap   total 265216K, used 122921K [0x00000000a0000000, 0x0000000100000000)
  region size 1024K, 41 young (41984K), 9 survivors (9216K)
 Metaspace       used 93724K, capacity 96440K, committed 96676K, reserved 1132544K
  class space    used 11979K, capacity 12941K, committed 12964K, reserved 1048576K
Heap Regions: E=young(eden), S=young(survivor), O=old, HS=humongous(starts), HC=humongous(continues), CS=collection set, F=free, A=archive, TAMS=top-at-mark-start (previous, next)
|   0|0x00000000a0000000, 0x00000000a0100000, 0x00000000a0100000|100%| O|  |TAMS 0x00000000a0100000, 0x00000000a0000000| Untracked 
|   1|0x00000000a0100000, 0x00000000a0200000, 0x00000000a0200000|100%| O|  |TAMS 0x00000000a0200000, 0x00000000a0100000| Untracked 
|   2|0x00000000a0200000, 0x00000000a0300000, 0x00000000a0300000|100%| O|  |TAMS 0x00000000a0300000, 0x00000000a0200000| Untracked 
|   3|0x00000000a0300000, 0x00000000a0400000, 0x00000000a0400000|100%|HS|  |TAMS 0x00000000a0400000, 0x00000000a0300000| Complete 
|   4|0x00000000a0400000, 0x00000000a0500000, 0x00000000a0500000|100%|HC|  |TAMS 0x00000000a0500000, 0x00000000a0400000| Complete 
|   5|0x00000000a0500000, 0x00000000a0600000, 0x00000000a0600000|100%|HC|  |TAMS 0x00000000a0600000, 0x00000000a0500000| Complete 
|   6|0x00000000a0600000, 0x00000000a0700000, 0x00000000a0700000|100%| O|  |TAMS 0x00000000a0700000, 0x00000000a0600000| Untracked 
|   7|0x00000000a0700000, 0x00000000a0800000, 0x00000000a0800000|100%| O|  |TAMS 0x00000000a0800000, 0x00000000a0700000| Untracked 
|   8|0x00000000a0800000, 0x00000000a0900000, 0x00000000a0900000|100%| O|  |TAMS 0x00000000a0900000, 0x00000000a0800000| Untracked 
|   9|0x00000000a0900000, 0x00000000a0a00000, 0x00000000a0a00000|100%| O|  |TAMS 0x00000000a0a00000, 0x00000000a0900000| Untracked 
|  10|0x00000000a0a00000, 0x00000000a0b00000, 0x00000000a0b00000|100%| O|  |TAMS 0x00000000a0b00000, 0x00000000a0a00000| Untracked 
|  11|0x00000000a0b00000, 0x00000000a0c00000, 0x00000000a0c00000|100%| O|  |TAMS 0x00000000a0c00000, 0x00000000a0b00000| Untracked 
|  12|0x00000000a0c00000, 0x00000000a0d00000, 0x00000000a0d00000|100%| O|  |TAMS 0x00000000a0d00000, 0x00000000a0c00000| Untracked 
|  13|0x00000000a0d00000, 0x00000000a0e00000, 0x00000000a0e00000|100%| O|  |TAMS 0x00000000a0e00000, 0x00000000a0d00000| Untracked 
|  14|0x00000000a0e00000, 0x00000000a0f00000, 0x00000000a0f00000|100%| O|  |TAMS 0x00000000a0f00000, 0x00000000a0e00000| Untracked 
|  15|0x00000000a0f00000, 0x00000000a1000000, 0x00000000a1000000|100%| O|  |TAMS 0x00000000a1000000, 0x00000000a0f00000| Untracked 
|  16|0x00000000a1000000, 0x00000000a1100000, 0x00000000a1100000|100%|HS|  |TAMS 0x00000000a1100000, 0x00000000a1000000| Complete 
|  17|0x00000000a1100000, 0x00000000a1200000, 0x00000000a1200000|100%|HS|  |TAMS 0x00000000a1200000, 0x00000000a1100000| Complete 
|  18|0x00000000a1200000, 0x00000000a1300000, 0x00000000a1300000|100%|HC|  |TAMS 0x00000000a1300000, 0x00000000a1200000| Complete 
|  19|0x00000000a1300000, 0x00000000a1400000, 0x00000000a1400000|100%| O|  |TAMS 0x00000000a1400000, 0x00000000a1300000| Untracked 
|  20|0x00000000a1400000, 0x00000000a1500000, 0x00000000a1500000|100%| O|  |TAMS 0x00000000a1500000, 0x00000000a1400000| Untracked 
|  21|0x00000000a1500000, 0x00000000a1600000, 0x00000000a1600000|100%| O|  |TAMS 0x00000000a1600000, 0x00000000a1500000| Untracked 
|  22|0x00000000a1600000, 0x00000000a1700000, 0x00000000a1700000|100%| O|  |TAMS 0x00000000a1700000, 0x00000000a1600000| Untracked 
|  23|0x00000000a1700000, 0x00000000a1800000, 0x00000000a1800000|100%| O|  |TAMS 0x00000000a1800000, 0x00000000a1700000| Untracked 
|  24|0x00000000a1800000, 0x00000000a1900000, 0x00000000a1900000|100%| O|  |TAMS 0x00000000a1900000, 0x00000000a1800000| Untracked 
|  25|0x00000000a1900000, 0x00000000a1a00000, 0x00000000a1a00000|100%| O|  |TAMS 0x00000000a1a00000, 0x00000000a1900000| Untracked 
|  26|0x00000000a1a00000, 0x00000000a1b00000, 0x00000000a1b00000|100%| O|  |TAMS 0x00000000a1b00000, 0x00000000a1a00000| Untracked 
|  27|0x00000000a1b00000, 0x00000000a1c00000, 0x00000000a1c00000|100%| O|  |TAMS 0x00000000a1c00000, 0x00000000a1b00000| Untracked 
|  28|0x00000000a1c00000, 0x00000000a1d00000, 0x00000000a1d00000|100%| O|  |TAMS 0x00000000a1d00000, 0x00000000a1c00000| Untracked 
|  29|0x00000000a1d00000, 0x00000000a1e00000, 0x00000000a1e00000|100%| O|  |TAMS 0x00000000a1e00000, 0x00000000a1d00000| Untracked 
|  30|0x00000000a1e00000, 0x00000000a1f00000, 0x00000000a1f00000|100%| O|  |TAMS 0x00000000a1f00000, 0x00000000a1e00000| Untracked 
|  31|0x00000000a1f00000, 0x00000000a2000000, 0x00000000a2000000|100%| O|  |TAMS 0x00000000a2000000, 0x00000000a1f00000| Untracked 
|  32|0x00000000a2000000, 0x00000000a2100000, 0x00000000a2100000|100%| O|  |TAMS 0x00000000a2100000, 0x00000000a2000000| Untracked 
|  33|0x00000000a2100000, 0x00000000a2200000, 0x00000000a2200000|100%| O|  |TAMS 0x00000000a2200000, 0x00000000a2100000| Untracked 
|  34|0x00000000a2200000, 0x00000000a2300000, 0x00000000a2300000|100%| O|  |TAMS 0x00000000a2300000, 0x00000000a2200000| Untracked 
|  35|0x00000000a2300000, 0x00000000a2400000, 0x00000000a2400000|100%| O|  |TAMS 0x00000000a2400000, 0x00000000a2300000| Untracked 
|  36|0x00000000a2400000, 0x00000000a2500000, 0x00000000a2500000|100%| O|  |TAMS 0x00000000a2500000, 0x00000000a2400000| Untracked 
|  37|0x00000000a2500000, 0x00000000a2600000, 0x00000000a2600000|100%| O|  |TAMS 0x00000000a2600000, 0x00000000a2500000| Untracked 
|  38|0x00000000a2600000, 0x00000000a2700000, 0x00000000a2700000|100%| O|  |TAMS 0x00000000a2700000, 0x00000000a2600000| Untracked 
|  39|0x00000000a2700000, 0x00000000a2800000, 0x00000000a2800000|100%| O|  |TAMS 0x00000000a2800000, 0x00000000a2700000| Untracked 
|  40|0x00000000a2800000, 0x00000000a2900000, 0x00000000a2900000|100%|HS|  |TAMS 0x00000000a2900000, 0x00000000a2800000| Complete 
|  41|0x00000000a2900000, 0x00000000a2a00000, 0x00000000a2a00000|100%|HC|  |TAMS 0x00000000a2a00000, 0x00000000a2900000| Complete 
|  42|0x00000000a2a00000, 0x00000000a2b00000, 0x00000000a2b00000|100%|HC|  |TAMS 0x00000000a2b00000, 0x00000000a2a00000| Complete 
|  43|0x00000000a2b00000, 0x00000000a2c00000, 0x00000000a2c00000|100%| O|  |TAMS 0x00000000a2c00000, 0x00000000a2b00000| Untracked 
|  44|0x00000000a2c00000, 0x00000000a2d00000, 0x00000000a2d00000|100%| O|  |TAMS 0x00000000a2d00000, 0x00000000a2c00000| Untracked 
|  45|0x00000000a2d00000, 0x00000000a2e00000, 0x00000000a2e00000|100%| O|  |TAMS 0x00000000a2e00000, 0x00000000a2d00000| Untracked 
|  46|0x00000000a2e00000, 0x00000000a2f00000, 0x00000000a2f00000|100%| O|  |TAMS 0x00000000a2f00000, 0x00000000a2e00000| Untracked 
|  47|0x00000000a2f00000, 0x00000000a3000000, 0x00000000a3000000|100%| O|  |TAMS 0x00000000a3000000, 0x00000000a2f00000| Untracked 
|  48|0x00000000a3000000, 0x00000000a3100000, 0x00000000a3100000|100%| O|  |TAMS 0x00000000a3100000, 0x00000000a3000000| Untracked 
|  49|0x00000000a3100000, 0x00000000a3200000, 0x00000000a3200000|100%| O|  |TAMS 0x00000000a3200000, 0x00000000a3100000| Untracked 
|  50|0x00000000a3200000, 0x00000000a3300000, 0x00000000a3300000|100%| O|  |TAMS 0x00000000a3300000, 0x00000000a3200000| Untracked 
|  51|0x00000000a3300000, 0x00000000a3400000, 0x00000000a3400000|100%| O|  |TAMS 0x00000000a3400000, 0x00000000a3300000| Untracked 
|  52|0x00000000a3400000, 0x00000000a3500000, 0x00000000a3500000|100%| O|  |TAMS 0x00000000a3500000, 0x00000000a3400000| Untracked 
|  53|0x00000000a3500000, 0x00000000a3600000, 0x00000000a3600000|100%| O|  |TAMS 0x00000000a3600000, 0x00000000a3500000| Untracked 
|  54|0x00000000a3600000, 0x00000000a3700000, 0x00000000a3700000|100%| O|  |TAMS 0x00000000a3700000, 0x00000000a3600000| Untracked 
|  55|0x00000000a3700000, 0x00000000a3800000, 0x00000000a3800000|100%| O|  |TAMS 0x00000000a3800000, 0x00000000a3700000| Untracked 
|  56|0x00000000a3800000, 0x00000000a3900000, 0x00000000a3900000|100%| O|  |TAMS 0x00000000a3900000, 0x00000000a3800000| Untracked 
|  57|0x00000000a3900000, 0x00000000a3a00000, 0x00000000a3a00000|100%| O|  |TAMS 0x00000000a3a00000, 0x00000000a3900000| Untracked 
|  58|0x00000000a3a00000, 0x00000000a3b00000, 0x00000000a3b00000|100%| O|  |TAMS 0x00000000a3b00000, 0x00000000a3a00000| Untracked 
|  59|0x00000000a3b00000, 0x00000000a3c00000, 0x00000000a3c00000|100%| O|  |TAMS 0x00000000a3c00000, 0x00000000a3b00000| Untracked 
|  60|0x00000000a3c00000, 0x00000000a3d00000, 0x00000000a3d00000|100%| O|  |TAMS 0x00000000a3d00000, 0x00000000a3c00000| Untracked 
|  61|0x00000000a3d00000, 0x00000000a3e00000, 0x00000000a3e00000|100%| O|  |TAMS 0x00000000a3e00000, 0x00000000a3d00000| Untracked 
|  62|0x00000000a3e00000, 0x00000000a3f00000, 0x00000000a3f00000|100%| O|  |TAMS 0x00000000a3f00000, 0x00000000a3e00000| Untracked 
|  63|0x00000000a3f00000, 0x00000000a4000000, 0x00000000a4000000|100%| O|  |TAMS 0x00000000a4000000, 0x00000000a3f00000| Untracked 
|  64|0x00000000a4000000, 0x00000000a4100000, 0x00000000a4100000|100%| O|  |TAMS 0x00000000a4100000, 0x00000000a4000000| Untracked 
|  65|0x00000000a4100000, 0x00000000a4200000, 0x00000000a4200000|100%| O|  |TAMS 0x00000000a4200000, 0x00000000a4100000| Untracked 
|  66|0x00000000a4200000, 0x00000000a4300000, 0x00000000a4300000|100%| O|  |TAMS 0x00000000a4300000, 0x00000000a4200000| Untracked 
|  67|0x00000000a4300000, 0x00000000a4400000, 0x00000000a4400000|100%| O|  |TAMS 0x00000000a4400000, 0x00000000a4300000| Untracked 
|  68|0x00000000a4400000, 0x00000000a4400000, 0x00000000a4500000|  0%| F|  |TAMS 0x00000000a4400000, 0x00000000a4400000| Untracked 
|  69|0x00000000a4500000, 0x00000000a4500000, 0x00000000a4600000|  0%| F|  |TAMS 0x00000000a4500000, 0x00000000a4500000| Untracked 
|  70|0x00000000a4600000, 0x00000000a4600000, 0x00000000a4700000|  0%| F|  |TAMS 0x00000000a4600000, 0x00000000a4600000| Untracked 
|  71|0x00000000a4700000, 0x00000000a4700000, 0x00000000a4800000|  0%| F|  |TAMS 0x00000000a4700000, 0x00000000a4700000| Untracked 
|  72|0x00000000a4800000, 0x00000000a4800000, 0x00000000a4900000|  0%| F|  |TAMS 0x00000000a4800000, 0x00000000a4800000| Untracked 
|  73|0x00000000a4900000, 0x00000000a4900000, 0x00000000a4a00000|  0%| F|  |TAMS 0x00000000a4900000, 0x00000000a4900000| Untracked 
|  74|0x00000000a4a00000, 0x00000000a4a00000, 0x00000000a4b00000|  0%| F|  |TAMS 0x00000000a4a00000, 0x00000000a4a00000| Untracked 
|  75|0x00000000a4b00000, 0x00000000a4b00000, 0x00000000a4c00000|  0%| F|  |TAMS 0x00000000a4b00000, 0x00000000a4b00000| Untracked 
|  76|0x00000000a4c00000, 0x00000000a4c00000, 0x00000000a4d00000|  0%| F|  |TAMS 0x00000000a4c00000, 0x00000000a4c00000| Untracked 
|  77|0x00000000a4d00000, 0x00000000a4d00000, 0x00000000a4e00000|  0%| F|  |TAMS 0x00000000a4d00000, 0x00000000a4d00000| Untracked 
|  78|0x00000000a4e00000, 0x00000000a4e00000, 0x00000000a4f00000|  0%| F|  |TAMS 0x00000000a4e00000, 0x00000000a4e00000| Untracked 
|  79|0x00000000a4f00000, 0x00000000a4f00000, 0x00000000a5000000|  0%| F|  |TAMS 0x00000000a4f00000, 0x00000000a4f00000| Untracked 
|  80|0x00000000a5000000, 0x00000000a5000000, 0x00000000a5100000|  0%| F|  |TAMS 0x00000000a5000000, 0x00000000a5000000| Untracked 
|  81|0x00000000a5100000, 0x00000000a5100000, 0x00000000a5200000|  0%| F|  |TAMS 0x00000000a5100000, 0x00000000a5100000| Untracked 
|  82|0x00000000a5200000, 0x00000000a5200000, 0x00000000a5300000|  0%| F|  |TAMS 0x00000000a5200000, 0x00000000a5200000| Untracked 
|  83|0x00000000a5300000, 0x00000000a5300000, 0x00000000a5400000|  0%| F|  |TAMS 0x00000000a5300000, 0x00000000a5300000| Untracked 
|  84|0x00000000a5400000, 0x00000000a5400000, 0x00000000a5500000|  0%| F|  |TAMS 0x00000000a5400000, 0x00000000a5400000| Untracked 
|  85|0x00000000a5500000, 0x00000000a5500000, 0x00000000a5600000|  0%| F|  |TAMS 0x00000000a5500000, 0x00000000a5500000| Untracked 
|  86|0x00000000a5600000, 0x00000000a5600000, 0x00000000a5700000|  0%| F|  |TAMS 0x00000000a5600000, 0x00000000a5600000| Untracked 
|  87|0x00000000a5700000, 0x00000000a5700000, 0x00000000a5800000|  0%| F|  |TAMS 0x00000000a5700000, 0x00000000a5700000| Untracked 
|  88|0x00000000a5800000, 0x00000000a5800000, 0x00000000a5900000|  0%| F|  |TAMS 0x00000000a5800000, 0x00000000a5800000| Untracked 
|  89|0x00000000a5900000, 0x00000000a5900000, 0x00000000a5a00000|  0%| F|  |TAMS 0x00000000a5900000, 0x00000000a5900000| Untracked 
|  90|0x00000000a5a00000, 0x00000000a5a00000, 0x00000000a5b00000|  0%| F|  |TAMS 0x00000000a5a00000, 0x00000000a5a00000| Untracked 
|  91|0x00000000a5b00000, 0x00000000a5b00000, 0x00000000a5c00000|  0%| F|  |TAMS 0x00000000a5b00000, 0x00000000a5b00000| Untracked 
|  92|0x00000000a5c00000, 0x00000000a5c00000, 0x00000000a5d00000|  0%| F|  |TAMS 0x00000000a5c00000, 0x00000000a5c00000| Untracked 
|  93|0x00000000a5d00000, 0x00000000a5d00000, 0x00000000a5e00000|  0%| F|  |TAMS 0x00000000a5d00000, 0x00000000a5d00000| Untracked 
|  94|0x00000000a5e00000, 0x00000000a5f00000, 0x00000000a5f00000|100%| O|  |TAMS 0x00000000a5f00000, 0x00000000a5e00000| Untracked 
|  95|0x00000000a5f00000, 0x00000000a6000000, 0x00000000a6000000|100%| O|  |TAMS 0x00000000a6000000, 0x00000000a5f00000| Untracked 
|  96|0x00000000a6000000, 0x00000000a6100000, 0x00000000a6100000|100%| O|  |TAMS 0x00000000a6100000, 0x00000000a6000000| Untracked 
|  97|0x00000000a6100000, 0x00000000a6200000, 0x00000000a6200000|100%| O|  |TAMS 0x00000000a6200000, 0x00000000a6100000| Untracked 
|  98|0x00000000a6200000, 0x00000000a6300000, 0x00000000a6300000|100%| O|  |TAMS 0x00000000a6300000, 0x00000000a6200000| Untracked 
|  99|0x00000000a6300000, 0x00000000a639e800, 0x00000000a6400000| 61%| O|  |TAMS 0x00000000a639e800, 0x00000000a6300000| Untracked 
| 100|0x00000000a6400000, 0x00000000a6400000, 0x00000000a6500000|  0%| F|  |TAMS 0x00000000a6400000, 0x00000000a6400000| Untracked 
| 101|0x00000000a6500000, 0x00000000a6500000, 0x00000000a6600000|  0%| F|  |TAMS 0x00000000a6500000, 0x00000000a6500000| Untracked 
| 102|0x00000000a6600000, 0x00000000a6600000, 0x00000000a6700000|  0%| F|  |TAMS 0x00000000a6600000, 0x00000000a6600000| Untracked 
| 103|0x00000000a6700000, 0x00000000a6700000, 0x00000000a6800000|  0%| F|  |TAMS 0x00000000a6700000, 0x00000000a6700000| Untracked 
| 104|0x00000000a6800000, 0x00000000a6800000, 0x00000000a6900000|  0%| F|  |TAMS 0x00000000a6800000, 0x00000000a6800000| Untracked 
| 105|0x00000000a6900000, 0x00000000a6900000, 0x00000000a6a00000|  0%| F|  |TAMS 0x00000000a6900000, 0x00000000a6900000| Untracked 
| 106|0x00000000a6a00000, 0x00000000a6b00000, 0x00000000a6b00000|100%| O|  |TAMS 0x00000000a6b00000, 0x00000000a6a00000| Untracked 
| 107|0x00000000a6b00000, 0x00000000a6c00000, 0x00000000a6c00000|100%| O|  |TAMS 0x00000000a6c00000, 0x00000000a6b00000| Untracked 
| 108|0x00000000a6c00000, 0x00000000a6d00000, 0x00000000a6d00000|100%| O|  |TAMS 0x00000000a6d00000, 0x00000000a6c00000| Untracked 
| 109|0x00000000a6d00000, 0x00000000a6e00000, 0x00000000a6e00000|100%| O|  |TAMS 0x00000000a6e00000, 0x00000000a6d00000| Untracked 
| 110|0x00000000a6e00000, 0x00000000a6f00000, 0x00000000a6f00000|100%| O|  |TAMS 0x00000000a6f00000, 0x00000000a6e00000| Untracked 
| 111|0x00000000a6f00000, 0x00000000a7000000, 0x00000000a7000000|100%| O|  |TAMS 0x00000000a7000000, 0x00000000a6f00000| Untracked 
| 112|0x00000000a7000000, 0x00000000a7100000, 0x00000000a7100000|100%| O|  |TAMS 0x00000000a7100000, 0x00000000a7000000| Untracked 
| 113|0x00000000a7100000, 0x00000000a7200000, 0x00000000a7200000|100%| O|  |TAMS 0x00000000a7200000, 0x00000000a7100000| Untracked 
| 114|0x00000000a7200000, 0x00000000a7200000, 0x00000000a7300000|  0%| F|  |TAMS 0x00000000a7200000, 0x00000000a7200000| Untracked 
| 115|0x00000000a7300000, 0x00000000a7300000, 0x00000000a7400000|  0%| F|  |TAMS 0x00000000a7300000, 0x00000000a7300000| Untracked 
| 116|0x00000000a7400000, 0x00000000a7400000, 0x00000000a7500000|  0%| F|  |TAMS 0x00000000a7400000, 0x00000000a7400000| Untracked 
| 117|0x00000000a7500000, 0x00000000a7500000, 0x00000000a7600000|  0%| F|  |TAMS 0x00000000a7500000, 0x00000000a7500000| Untracked 
| 118|0x00000000a7600000, 0x00000000a7600000, 0x00000000a7700000|  0%| F|  |TAMS 0x00000000a7600000, 0x00000000a7600000| Untracked 
| 119|0x00000000a7700000, 0x00000000a7700000, 0x00000000a7800000|  0%| F|  |TAMS 0x00000000a7700000, 0x00000000a7700000| Untracked 
| 120|0x00000000a7800000, 0x00000000a7800000, 0x00000000a7900000|  0%| F|  |TAMS 0x00000000a7800000, 0x00000000a7800000| Untracked 
| 121|0x00000000a7900000, 0x00000000a7900000, 0x00000000a7a00000|  0%| F|  |TAMS 0x00000000a7900000, 0x00000000a7900000| Untracked 
| 122|0x00000000a7a00000, 0x00000000a7a00000, 0x00000000a7b00000|  0%| F|  |TAMS 0x00000000a7a00000, 0x00000000a7a00000| Untracked 
| 123|0x00000000a7b00000, 0x00000000a7b00000, 0x00000000a7c00000|  0%| F|  |TAMS 0x00000000a7b00000, 0x00000000a7b00000| Untracked 
| 124|0x00000000a7c00000, 0x00000000a7c00000, 0x00000000a7d00000|  0%| F|  |TAMS 0x00000000a7c00000, 0x00000000a7c00000| Untracked 
| 125|0x00000000a7d00000, 0x00000000a7d00000, 0x00000000a7e00000|  0%| F|  |TAMS 0x00000000a7d00000, 0x00000000a7d00000| Untracked 
| 126|0x00000000a7e00000, 0x00000000a7e00000, 0x00000000a7f00000|  0%| F|  |TAMS 0x00000000a7e00000, 0x00000000a7e00000| Untracked 
| 127|0x00000000a7f00000, 0x00000000a7f00000, 0x00000000a8000000|  0%| F|  |TAMS 0x00000000a7f00000, 0x00000000a7f00000| Untracked 
| 128|0x00000000a8000000, 0x00000000a8000000, 0x00000000a8100000|  0%| F|  |TAMS 0x00000000a8000000, 0x00000000a8000000| Untracked 
| 129|0x00000000a8100000, 0x00000000a8100000, 0x00000000a8200000|  0%| F|  |TAMS 0x00000000a8100000, 0x00000000a8100000| Untracked 
| 130|0x00000000a8200000, 0x00000000a8200000, 0x00000000a8300000|  0%| F|  |TAMS 0x00000000a8200000, 0x00000000a8200000| Untracked 
| 131|0x00000000a8300000, 0x00000000a8300000, 0x00000000a8400000|  0%| F|  |TAMS 0x00000000a8300000, 0x00000000a8300000| Untracked 
| 132|0x00000000a8400000, 0x00000000a8400000, 0x00000000a8500000|  0%| F|  |TAMS 0x00000000a8400000, 0x00000000a8400000| Untracked 
| 133|0x00000000a8500000, 0x00000000a8500000, 0x00000000a8600000|  0%| F|  |TAMS 0x00000000a8500000, 0x00000000a8500000| Untracked 
| 134|0x00000000a8600000, 0x00000000a8600000, 0x00000000a8700000|  0%| F|  |TAMS 0x00000000a8600000, 0x00000000a8600000| Untracked 
| 135|0x00000000a8700000, 0x00000000a8700000, 0x00000000a8800000|  0%| F|  |TAMS 0x00000000a8700000, 0x00000000a8700000| Untracked 
| 136|0x00000000a8800000, 0x00000000a8800000, 0x00000000a8900000|  0%| F|  |TAMS 0x00000000a8800000, 0x00000000a8800000| Untracked 
| 137|0x00000000a8900000, 0x00000000a8900000, 0x00000000a8a00000|  0%| F|  |TAMS 0x00000000a8900000, 0x00000000a8900000| Untracked 
| 138|0x00000000a8a00000, 0x00000000a8a00000, 0x00000000a8b00000|  0%| F|  |TAMS 0x00000000a8a00000, 0x00000000a8a00000| Untracked 
| 139|0x00000000a8b00000, 0x00000000a8b00000, 0x00000000a8c00000|  0%| F|  |TAMS 0x00000000a8b00000, 0x00000000a8b00000| Untracked 
| 140|0x00000000a8c00000, 0x00000000a8c00000, 0x00000000a8d00000|  0%| F|  |TAMS 0x00000000a8c00000, 0x00000000a8c00000| Untracked 
| 141|0x00000000a8d00000, 0x00000000a8d00000, 0x00000000a8e00000|  0%| F|  |TAMS 0x00000000a8d00000, 0x00000000a8d00000| Untracked 
| 142|0x00000000a8e00000, 0x00000000a8e00000, 0x00000000a8f00000|  0%| F|  |TAMS 0x00000000a8e00000, 0x00000000a8e00000| Untracked 
| 143|0x00000000a8f00000, 0x00000000a8f00000, 0x00000000a9000000|  0%| F|  |TAMS 0x00000000a8f00000, 0x00000000a8f00000| Untracked 
| 144|0x00000000a9000000, 0x00000000a9000000, 0x00000000a9100000|  0%| F|  |TAMS 0x00000000a9000000, 0x00000000a9000000| Untracked 
| 145|0x00000000a9100000, 0x00000000a9100000, 0x00000000a9200000|  0%| F|  |TAMS 0x00000000a9100000, 0x00000000a9100000| Untracked 
| 146|0x00000000a9200000, 0x00000000a9200000, 0x00000000a9300000|  0%| F|  |TAMS 0x00000000a9200000, 0x00000000a9200000| Untracked 
| 147|0x00000000a9300000, 0x00000000a9300000, 0x00000000a9400000|  0%| F|  |TAMS 0x00000000a9300000, 0x00000000a9300000| Untracked 
| 148|0x00000000a9400000, 0x00000000a9400000, 0x00000000a9500000|  0%| F|  |TAMS 0x00000000a9400000, 0x00000000a9400000| Untracked 
| 149|0x00000000a9500000, 0x00000000a9500000, 0x00000000a9600000|  0%| F|  |TAMS 0x00000000a9500000, 0x00000000a9500000| Untracked 
| 150|0x00000000a9600000, 0x00000000a9600000, 0x00000000a9700000|  0%| F|  |TAMS 0x00000000a9600000, 0x00000000a9600000| Untracked 
| 151|0x00000000a9700000, 0x00000000a9700000, 0x00000000a9800000|  0%| F|  |TAMS 0x00000000a9700000, 0x00000000a9700000| Untracked 
| 152|0x00000000a9800000, 0x00000000a9800000, 0x00000000a9900000|  0%| F|  |TAMS 0x00000000a9800000, 0x00000000a9800000| Untracked 
| 153|0x00000000a9900000, 0x00000000a9900000, 0x00000000a9a00000|  0%| F|  |TAMS 0x00000000a9900000, 0x00000000a9900000| Untracked 
| 154|0x00000000a9a00000, 0x00000000a9a00000, 0x00000000a9b00000|  0%| F|  |TAMS 0x00000000a9a00000, 0x00000000a9a00000| Untracked 
| 155|0x00000000a9b00000, 0x00000000a9b00000, 0x00000000a9c00000|  0%| F|  |TAMS 0x00000000a9b00000, 0x00000000a9b00000| Untracked 
| 156|0x00000000a9c00000, 0x00000000a9c00000, 0x00000000a9d00000|  0%| F|  |TAMS 0x00000000a9c00000, 0x00000000a9c00000| Untracked 
| 157|0x00000000a9d00000, 0x00000000a9d00000, 0x00000000a9e00000|  0%| F|  |TAMS 0x00000000a9d00000, 0x00000000a9d00000| Untracked 
| 158|0x00000000a9e00000, 0x00000000a9e00000, 0x00000000a9f00000|  0%| F|  |TAMS 0x00000000a9e00000, 0x00000000a9e00000| Untracked 
| 159|0x00000000a9f00000, 0x00000000a9f00000, 0x00000000aa000000|  0%| F|  |TAMS 0x00000000a9f00000, 0x00000000a9f00000| Untracked 
| 160|0x00000000aa000000, 0x00000000aa000000, 0x00000000aa100000|  0%| F|  |TAMS 0x00000000aa000000, 0x00000000aa000000| Untracked 
| 161|0x00000000aa100000, 0x00000000aa16bd00, 0x00000000aa200000| 42%| S|CS|TAMS 0x00000000aa100000, 0x00000000aa100000| Complete 
| 162|0x00000000aa200000, 0x00000000aa300000, 0x00000000aa300000|100%| S|CS|TAMS 0x00000000aa200000, 0x00000000aa200000| Complete 
| 163|0x00000000aa300000, 0x00000000aa400000, 0x00000000aa400000|100%| S|CS|TAMS 0x00000000aa300000, 0x00000000aa300000| Complete 
| 164|0x00000000aa400000, 0x00000000aa500000, 0x00000000aa500000|100%| S|CS|TAMS 0x00000000aa400000, 0x00000000aa400000| Complete 
| 165|0x00000000aa500000, 0x00000000aa600000, 0x00000000aa600000|100%| S|CS|TAMS 0x00000000aa500000, 0x00000000aa500000| Complete 
| 166|0x00000000aa600000, 0x00000000aa700000, 0x00000000aa700000|100%| S|CS|TAMS 0x00000000aa600000, 0x00000000aa600000| Complete 
| 167|0x00000000aa700000, 0x00000000aa800000, 0x00000000aa800000|100%| S|CS|TAMS 0x00000000aa700000, 0x00000000aa700000| Complete 
| 168|0x00000000aa800000, 0x00000000aa900000, 0x00000000aa900000|100%| S|CS|TAMS 0x00000000aa800000, 0x00000000aa800000| Complete 
| 169|0x00000000aa900000, 0x00000000aaa00000, 0x00000000aaa00000|100%| S|CS|TAMS 0x00000000aa900000, 0x00000000aa900000| Complete 
| 170|0x00000000aaa00000, 0x00000000aaa00000, 0x00000000aab00000|  0%| F|  |TAMS 0x00000000aaa00000, 0x00000000aaa00000| Untracked 
| 171|0x00000000aab00000, 0x00000000aab00000, 0x00000000aac00000|  0%| F|  |TAMS 0x00000000aab00000, 0x00000000aab00000| Untracked 
| 172|0x00000000aac00000, 0x00000000aac00000, 0x00000000aad00000|  0%| F|  |TAMS 0x00000000aac00000, 0x00000000aac00000| Untracked 
| 173|0x00000000aad00000, 0x00000000aad00000, 0x00000000aae00000|  0%| F|  |TAMS 0x00000000aad00000, 0x00000000aad00000| Untracked 
| 174|0x00000000aae00000, 0x00000000aae00000, 0x00000000aaf00000|  0%| F|  |TAMS 0x00000000aae00000, 0x00000000aae00000| Untracked 
| 175|0x00000000aaf00000, 0x00000000aaf00000, 0x00000000ab000000|  0%| F|  |TAMS 0x00000000aaf00000, 0x00000000aaf00000| Untracked 
| 176|0x00000000ab000000, 0x00000000ab000000, 0x00000000ab100000|  0%| F|  |TAMS 0x00000000ab000000, 0x00000000ab000000| Untracked 
| 177|0x00000000ab100000, 0x00000000ab100000, 0x00000000ab200000|  0%| F|  |TAMS 0x00000000ab100000, 0x00000000ab100000| Untracked 
| 178|0x00000000ab200000, 0x00000000ab200000, 0x00000000ab300000|  0%| F|  |TAMS 0x00000000ab200000, 0x00000000ab200000| Untracked 
| 179|0x00000000ab300000, 0x00000000ab300000, 0x00000000ab400000|  0%| F|  |TAMS 0x00000000ab300000, 0x00000000ab300000| Untracked 
| 180|0x00000000ab400000, 0x00000000ab400000, 0x00000000ab500000|  0%| F|  |TAMS 0x00000000ab400000, 0x00000000ab400000| Untracked 
| 181|0x00000000ab500000, 0x00000000ab500000, 0x00000000ab600000|  0%| F|  |TAMS 0x00000000ab500000, 0x00000000ab500000| Untracked 
| 182|0x00000000ab600000, 0x00000000ab600000, 0x00000000ab700000|  0%| F|  |TAMS 0x00000000ab600000, 0x00000000ab600000| Untracked 
| 183|0x00000000ab700000, 0x00000000ab700000, 0x00000000ab800000|  0%| F|  |TAMS 0x00000000ab700000, 0x00000000ab700000| Untracked 
| 184|0x00000000ab800000, 0x00000000ab800000, 0x00000000ab900000|  0%| F|  |TAMS 0x00000000ab800000, 0x00000000ab800000| Untracked 
| 185|0x00000000ab900000, 0x00000000ab900000, 0x00000000aba00000|  0%| F|  |TAMS 0x00000000ab900000, 0x00000000ab900000| Untracked 
| 186|0x00000000aba00000, 0x00000000aba00000, 0x00000000abb00000|  0%| F|  |TAMS 0x00000000aba00000, 0x00000000aba00000| Untracked 
| 187|0x00000000abb00000, 0x00000000abb00000, 0x00000000abc00000|  0%| F|  |TAMS 0x00000000abb00000, 0x00000000abb00000| Untracked 
| 188|0x00000000abc00000, 0x00000000abc00000, 0x00000000abd00000|  0%| F|  |TAMS 0x00000000abc00000, 0x00000000abc00000| Untracked 
| 189|0x00000000abd00000, 0x00000000abd00000, 0x00000000abe00000|  0%| F|  |TAMS 0x00000000abd00000, 0x00000000abd00000| Untracked 
| 190|0x00000000abe00000, 0x00000000abe00000, 0x00000000abf00000|  0%| F|  |TAMS 0x00000000abe00000, 0x00000000abe00000| Untracked 
| 191|0x00000000abf00000, 0x00000000abf00000, 0x00000000ac000000|  0%| F|  |TAMS 0x00000000abf00000, 0x00000000abf00000| Untracked 
| 192|0x00000000ac000000, 0x00000000ac000000, 0x00000000ac100000|  0%| F|  |TAMS 0x00000000ac000000, 0x00000000ac000000| Untracked 
| 193|0x00000000ac100000, 0x00000000ac100000, 0x00000000ac200000|  0%| F|  |TAMS 0x00000000ac100000, 0x00000000ac100000| Untracked 
| 194|0x00000000ac200000, 0x00000000ac200000, 0x00000000ac300000|  0%| F|  |TAMS 0x00000000ac200000, 0x00000000ac200000| Untracked 
| 195|0x00000000ac300000, 0x00000000ac300000, 0x00000000ac400000|  0%| F|  |TAMS 0x00000000ac300000, 0x00000000ac300000| Untracked 
| 196|0x00000000ac400000, 0x00000000ac400000, 0x00000000ac500000|  0%| F|  |TAMS 0x00000000ac400000, 0x00000000ac400000| Untracked 
| 197|0x00000000ac500000, 0x00000000ac500000, 0x00000000ac600000|  0%| F|  |TAMS 0x00000000ac500000, 0x00000000ac500000| Untracked 
| 198|0x00000000ac600000, 0x00000000ac600000, 0x00000000ac700000|  0%| F|  |TAMS 0x00000000ac600000, 0x00000000ac600000| Untracked 
| 199|0x00000000ac700000, 0x00000000ac700000, 0x00000000ac800000|  0%| F|  |TAMS 0x00000000ac700000, 0x00000000ac700000| Untracked 
| 200|0x00000000ac800000, 0x00000000ac800000, 0x00000000ac900000|  0%| F|  |TAMS 0x00000000ac800000, 0x00000000ac800000| Untracked 
| 201|0x00000000ac900000, 0x00000000ac900000, 0x00000000aca00000|  0%| F|  |TAMS 0x00000000ac900000, 0x00000000ac900000| Untracked 
| 202|0x00000000aca00000, 0x00000000aca00000, 0x00000000acb00000|  0%| F|  |TAMS 0x00000000aca00000, 0x00000000aca00000| Untracked 
| 203|0x00000000acb00000, 0x00000000acb00000, 0x00000000acc00000|  0%| F|  |TAMS 0x00000000acb00000, 0x00000000acb00000| Untracked 
| 204|0x00000000acc00000, 0x00000000acc00000, 0x00000000acd00000|  0%| F|  |TAMS 0x00000000acc00000, 0x00000000acc00000| Untracked 
| 205|0x00000000acd00000, 0x00000000acd00000, 0x00000000ace00000|  0%| F|  |TAMS 0x00000000acd00000, 0x00000000acd00000| Untracked 
| 206|0x00000000ace00000, 0x00000000ace00000, 0x00000000acf00000|  0%| F|  |TAMS 0x00000000ace00000, 0x00000000ace00000| Untracked 
| 207|0x00000000acf00000, 0x00000000acf00000, 0x00000000ad000000|  0%| F|  |TAMS 0x00000000acf00000, 0x00000000acf00000| Untracked 
| 208|0x00000000ad000000, 0x00000000ad000000, 0x00000000ad100000|  0%| F|  |TAMS 0x00000000ad000000, 0x00000000ad000000| Untracked 
| 209|0x00000000ad100000, 0x00000000ad100000, 0x00000000ad200000|  0%| F|  |TAMS 0x00000000ad100000, 0x00000000ad100000| Untracked 
| 210|0x00000000ad200000, 0x00000000ad200000, 0x00000000ad300000|  0%| F|  |TAMS 0x00000000ad200000, 0x00000000ad200000| Untracked 
| 211|0x00000000ad300000, 0x00000000ad300000, 0x00000000ad400000|  0%| F|  |TAMS 0x00000000ad300000, 0x00000000ad300000| Untracked 
| 212|0x00000000ad400000, 0x00000000ad400000, 0x00000000ad500000|  0%| F|  |TAMS 0x00000000ad400000, 0x00000000ad400000| Untracked 
| 213|0x00000000ad500000, 0x00000000ad500000, 0x00000000ad600000|  0%| F|  |TAMS 0x00000000ad500000, 0x00000000ad500000| Untracked 
| 214|0x00000000ad600000, 0x00000000ad600000, 0x00000000ad700000|  0%| F|  |TAMS 0x00000000ad600000, 0x00000000ad600000| Untracked 
| 215|0x00000000ad700000, 0x00000000ad700000, 0x00000000ad800000|  0%| F|  |TAMS 0x00000000ad700000, 0x00000000ad700000| Untracked 
| 216|0x00000000ad800000, 0x00000000ad800000, 0x00000000ad900000|  0%| F|  |TAMS 0x00000000ad800000, 0x00000000ad800000| Untracked 
| 217|0x00000000ad900000, 0x00000000ad900000, 0x00000000ada00000|  0%| F|  |TAMS 0x00000000ad900000, 0x00000000ad900000| Untracked 
| 218|0x00000000ada00000, 0x00000000ada00000, 0x00000000adb00000|  0%| F|  |TAMS 0x00000000ada00000, 0x00000000ada00000| Untracked 
| 219|0x00000000adb00000, 0x00000000adb00000, 0x00000000adc00000|  0%| F|  |TAMS 0x00000000adb00000, 0x00000000adb00000| Untracked 
| 220|0x00000000adc00000, 0x00000000adc00000, 0x00000000add00000|  0%| F|  |TAMS 0x00000000adc00000, 0x00000000adc00000| Untracked 
| 221|0x00000000add00000, 0x00000000add00000, 0x00000000ade00000|  0%| F|  |TAMS 0x00000000add00000, 0x00000000add00000| Untracked 
| 222|0x00000000ade00000, 0x00000000ade00000, 0x00000000adf00000|  0%| F|  |TAMS 0x00000000ade00000, 0x00000000ade00000| Untracked 
| 223|0x00000000adf00000, 0x00000000adf00000, 0x00000000ae000000|  0%| F|  |TAMS 0x00000000adf00000, 0x00000000adf00000| Untracked 
| 224|0x00000000ae000000, 0x00000000ae000000, 0x00000000ae100000|  0%| F|  |TAMS 0x00000000ae000000, 0x00000000ae000000| Untracked 
| 225|0x00000000ae100000, 0x00000000ae100000, 0x00000000ae200000|  0%| F|  |TAMS 0x00000000ae100000, 0x00000000ae100000| Untracked 
| 226|0x00000000ae200000, 0x00000000ae200000, 0x00000000ae300000|  0%| F|  |TAMS 0x00000000ae200000, 0x00000000ae200000| Untracked 
| 227|0x00000000ae300000, 0x00000000ae30e988, 0x00000000ae400000|  5%| E|  |TAMS 0x00000000ae300000, 0x00000000ae300000| Complete 
| 228|0x00000000ae400000, 0x00000000ae500000, 0x00000000ae500000|100%| E|CS|TAMS 0x00000000ae400000, 0x00000000ae400000| Complete 
| 229|0x00000000ae500000, 0x00000000ae600000, 0x00000000ae600000|100%| E|CS|TAMS 0x00000000ae500000, 0x00000000ae500000| Complete 
| 230|0x00000000ae600000, 0x00000000ae700000, 0x00000000ae700000|100%| E|CS|TAMS 0x00000000ae600000, 0x00000000ae600000| Complete 
| 231|0x00000000ae700000, 0x00000000ae800000, 0x00000000ae800000|100%| E|CS|TAMS 0x00000000ae700000, 0x00000000ae700000| Complete 
| 232|0x00000000ae800000, 0x00000000ae900000, 0x00000000ae900000|100%| E|CS|TAMS 0x00000000ae800000, 0x00000000ae800000| Complete 
| 233|0x00000000ae900000, 0x00000000aea00000, 0x00000000aea00000|100%| E|CS|TAMS 0x00000000ae900000, 0x00000000ae900000| Complete 
| 234|0x00000000aea00000, 0x00000000aeb00000, 0x00000000aeb00000|100%| E|CS|TAMS 0x00000000aea00000, 0x00000000aea00000| Complete 
| 235|0x00000000aeb00000, 0x00000000aec00000, 0x00000000aec00000|100%| E|CS|TAMS 0x00000000aeb00000, 0x00000000aeb00000| Complete 
| 236|0x00000000aec00000, 0x00000000aed00000, 0x00000000aed00000|100%| E|CS|TAMS 0x00000000aec00000, 0x00000000aec00000| Complete 
| 237|0x00000000aed00000, 0x00000000aedffeb8, 0x00000000aee00000| 99%| E|  |TAMS 0x00000000aed00000, 0x00000000aed00000| Complete 
| 238|0x00000000aee00000, 0x00000000aef00000, 0x00000000aef00000|100%| E|CS|TAMS 0x00000000aee00000, 0x00000000aee00000| Complete 
| 239|0x00000000aef00000, 0x00000000af000000, 0x00000000af000000|100%| E|CS|TAMS 0x00000000aef00000, 0x00000000aef00000| Complete 
| 240|0x00000000af000000, 0x00000000af100000, 0x00000000af100000|100%| E|CS|TAMS 0x00000000af000000, 0x00000000af000000| Complete 
| 241|0x00000000af100000, 0x00000000af200000, 0x00000000af200000|100%| E|CS|TAMS 0x00000000af100000, 0x00000000af100000| Complete 
| 242|0x00000000af200000, 0x00000000af300000, 0x00000000af300000|100%| E|CS|TAMS 0x00000000af200000, 0x00000000af200000| Complete 
| 243|0x00000000af300000, 0x00000000af400000, 0x00000000af400000|100%| E|CS|TAMS 0x00000000af300000, 0x00000000af300000| Complete 
| 244|0x00000000af400000, 0x00000000af500000, 0x00000000af500000|100%| E|CS|TAMS 0x00000000af400000, 0x00000000af400000| Complete 
| 245|0x00000000af500000, 0x00000000af600000, 0x00000000af600000|100%| E|CS|TAMS 0x00000000af500000, 0x00000000af500000| Complete 
| 246|0x00000000af600000, 0x00000000af700000, 0x00000000af700000|100%| E|CS|TAMS 0x00000000af600000, 0x00000000af600000| Complete 
| 247|0x00000000af700000, 0x00000000af800000, 0x00000000af800000|100%| E|CS|TAMS 0x00000000af700000, 0x00000000af700000| Complete 
| 248|0x00000000af800000, 0x00000000af900000, 0x00000000af900000|100%| E|CS|TAMS 0x00000000af800000, 0x00000000af800000| Complete 
| 249|0x00000000af900000, 0x00000000afa00000, 0x00000000afa00000|100%| E|CS|TAMS 0x00000000af900000, 0x00000000af900000| Complete 
| 250|0x00000000afa00000, 0x00000000afb00000, 0x00000000afb00000|100%| E|CS|TAMS 0x00000000afa00000, 0x00000000afa00000| Complete 
| 251|0x00000000afb00000, 0x00000000afc00000, 0x00000000afc00000|100%| E|CS|TAMS 0x00000000afb00000, 0x00000000afb00000| Complete 
| 252|0x00000000afc00000, 0x00000000afd00000, 0x00000000afd00000|100%| E|CS|TAMS 0x00000000afc00000, 0x00000000afc00000| Complete 
| 253|0x00000000afd00000, 0x00000000afe00000, 0x00000000afe00000|100%| E|CS|TAMS 0x00000000afd00000, 0x00000000afd00000| Complete 
| 254|0x00000000afe00000, 0x00000000aff00000, 0x00000000aff00000|100%| E|CS|TAMS 0x00000000afe00000, 0x00000000afe00000| Complete 
| 255|0x00000000aff00000, 0x00000000b0000000, 0x00000000b0000000|100%| E|CS|TAMS 0x00000000aff00000, 0x00000000aff00000| Complete 
| 256|0x00000000b0000000, 0x00000000b0100000, 0x00000000b0100000|100%| E|CS|TAMS 0x00000000b0000000, 0x00000000b0000000| Complete 
| 257|0x00000000b0100000, 0x00000000b0200000, 0x00000000b0200000|100%| E|CS|TAMS 0x00000000b0100000, 0x00000000b0100000| Complete 
| 258|0x00000000b0200000, 0x00000000b0300000, 0x00000000b0300000|100%| E|CS|TAMS 0x00000000b0200000, 0x00000000b0200000| Complete 

Card table byte_map: [0x000001b4fb790000,0x000001b4fba90000] _byte_map_base: 0x000001b4fb290000

Marking Bits (Prev, Next): (CMBitMap*) 0x000001b4e86a6ce0, (CMBitMap*) 0x000001b4e86a6ca8
 Prev Bits: [0x000001b4fd590000, 0x000001b4fed90000)
 Next Bits: [0x000001b4fbd90000, 0x000001b4fd590000)

Polling page: 0x000001b4e65b0000

Metaspace:

Usage:
  Non-class:     81.54 MB capacity,    79.83 MB ( 98%) used,     1.46 MB (  2%) free+waste,   255.94 KB ( <1%) overhead. 
      Class:     12.64 MB capacity,    11.70 MB ( 93%) used,   843.82 KB (  7%) free+waste,   117.25 KB ( <1%) overhead. 
       Both:     94.18 MB capacity,    91.53 MB ( 97%) used,     2.29 MB (  2%) free+waste,   373.19 KB ( <1%) overhead. 

Virtual space:
  Non-class space:       82.00 MB reserved,      81.75 MB (>99%) committed 
      Class space:        1.00 GB reserved,      12.66 MB (  1%) committed 
             Both:        1.08 GB reserved,      94.41 MB (  9%) committed 

Chunk freelists:
   Non-Class:  21.00 KB
       Class:  0 bytes
        Both:  21.00 KB

MaxMetaspaceSize: 17179869184.00 GB
CompressedClassSpaceSize: 1.00 GB

CodeHeap 'non-profiled nmethods': size=120000Kb used=8508Kb max_used=8508Kb free=111491Kb
 bounds [0x000001b4f3c30000, 0x000001b4f4480000, 0x000001b4fb160000]
CodeHeap 'profiled nmethods': size=120000Kb used=28371Kb max_used=28371Kb free=91629Kb
 bounds [0x000001b4ec700000, 0x000001b4ee2c0000, 0x000001b4f3c30000]
CodeHeap 'non-nmethods': size=5760Kb used=2305Kb max_used=2360Kb free=3454Kb
 bounds [0x000001b4ec160000, 0x000001b4ec3d0000, 0x000001b4ec700000]
 total_blobs=13663 nmethods=12769 adapters=804
 compilation: enabled
              stopped_count=0, restarted_count=0
 full_count=0

Compilation events (20 events):
Event: 3078.514 Thread 0x000001b4874ab000 nmethod 12631 0x000001b4f444c410 code [0x000001b4f444c5a0, 0x000001b4f444c638]
Event: 3078.548 Thread 0x000001b4ff8ab800 nmethod 12363 0x000001b4f444c710 code [0x000001b4f444c9e0, 0x000001b4f444dfa0]
Event: 3078.627 Thread 0x000001b48492d000 nmethod 12300 0x000001b4f444ec90 code [0x000001b4f444f4e0, 0x000001b4f445a130]
Event: 3080.370 Thread 0x000001b4874ab000 12717       4       java.lang.management.ManagementFactory$$Lambda$61/0x0000000100174840::apply (12 bytes)
Event: 3080.376 Thread 0x000001b4874ab000 nmethod 12717 0x000001b4f4462010 code [0x000001b4f4462200, 0x000001b4f44628a8]
Event: 3081.635 Thread 0x000001b4ff8c5800 12718       3       org.gradle.internal.logging.sink.OutputEventRenderer$LazyListener::onOutput (95 bytes)
Event: 3081.639 Thread 0x000001b4ff8c5800 nmethod 12718 0x000001b4ee276f10 code [0x000001b4ee277140, 0x000001b4ee277bc8]
Event: 3081.640 Thread 0x000001b4ff8c5800 12720       3       org.gradle.internal.io.LinePerThreadBufferingOutputStream::getStream (44 bytes)
Event: 3081.644 Thread 0x000001b4ff8c5800 nmethod 12720 0x000001b4ee277d90 code [0x000001b4ee277fc0, 0x000001b4ee2786f8]
Event: 3081.644 Thread 0x000001b4ff8c5800 12719       3       sun.nio.cs.SingleByte::withResult (25 bytes)
Event: 3081.646 Thread 0x000001b4ff8c5800 nmethod 12719 0x000001b4ee278990 code [0x000001b4ee278b80, 0x000001b4ee278f98]
Event: 3081.773 Thread 0x000001b4ff8c5800 12721       3       org.gradle.internal.logging.text.AbstractLineChoppingStyledTextOutput$1::execute (9 bytes)
Event: 3081.773 Thread 0x000001b4ff8c5800 nmethod 12721 0x000001b4ee279110 code [0x000001b4ee2792e0, 0x000001b4ee2794e8]
Event: 3081.773 Thread 0x000001b4ff8c5800 12722       3       java.io.FilterOutputStream::write (9 bytes)
Event: 3081.773 Thread 0x000001b4ff8c5800 nmethod 12722 0x000001b4ee279590 code [0x000001b4ee279740, 0x000001b4ee279908]
Event: 3081.773 Thread 0x000001b4ff8c5800 12723       3       org.gradle.internal.io.LinePerThreadBufferingOutputStream::write (9 bytes)
Event: 3081.773 Thread 0x000001b4ff8c5800 nmethod 12723 0x000001b4ee279a10 code [0x000001b4ee279be0, 0x000001b4ee279dd8]
Event: 3081.773 Thread 0x000001b4ff8c5800 12724   !   3       java.io.PrintStream::write (66 bytes)
Event: 3081.774 Thread 0x000001b4ff8c5800 nmethod 12724 0x000001b4ee279f10 code [0x000001b4ee27a140, 0x000001b4ee27a898]
Event: 3081.943 Thread 0x000001b4ff8ab800 12725   !   4       java.util.concurrent.ThreadPoolExecutor::getTask (177 bytes)

GC Heap History (20 events):
Event: 7.171 GC heap before
{Heap before GC invocations=9 (full 0):
 garbage-first heap   total 260096K, used 167777K [0x00000000a0000000, 0x0000000100000000)
  region size 1024K, 146 young (149504K), 11 survivors (11264K)
 Metaspace       used 58632K, capacity 59991K, committed 60160K, reserved 1101824K
  class space    used 7414K, capacity 7860K, committed 7936K, reserved 1048576K
}
Event: 7.187 GC heap after
{Heap after GC invocations=10 (full 0):
 garbage-first heap   total 260096K, used 39964K [0x00000000a0000000, 0x0000000100000000)
  region size 1024K, 19 young (19456K), 19 survivors (19456K)
 Metaspace       used 58632K, capacity 59991K, committed 60160K, reserved 1101824K
  class space    used 7414K, capacity 7860K, committed 7936K, reserved 1048576K
}
Event: 8.713 GC heap before
{Heap before GC invocations=10 (full 0):
 garbage-first heap   total 260096K, used 176156K [0x00000000a0000000, 0x0000000100000000)
  region size 1024K, 152 young (155648K), 19 survivors (19456K)
 Metaspace       used 65808K, capacity 67601K, committed 67840K, reserved 1107968K
  class space    used 8535K, capacity 9131K, committed 9216K, reserved 1048576K
}
Event: 8.735 GC heap after
{Heap after GC invocations=11 (full 0):
 garbage-first heap   total 260096K, used 51057K [0x00000000a0000000, 0x0000000100000000)
  region size 1024K, 11 young (11264K), 11 survivors (11264K)
 Metaspace       used 65808K, capacity 67601K, committed 67840K, reserved 1107968K
  class space    used 8535K, capacity 9131K, committed 9216K, reserved 1048576K
}
Event: 10.473 GC heap before
{Heap before GC invocations=11 (full 0):
 garbage-first heap   total 260096K, used 187249K [0x00000000a0000000, 0x0000000100000000)
  region size 1024K, 143 young (146432K), 11 survivors (11264K)
 Metaspace       used 72839K, capacity 75037K, committed 75096K, reserved 1114112K
  class space    used 9500K, capacity 10283K, committed 10328K, reserved 1048576K
}
Event: 10.500 GC heap after
{Heap after GC invocations=12 (full 0):
 garbage-first heap   total 260096K, used 68146K [0x00000000a0000000, 0x0000000100000000)
  region size 1024K, 19 young (19456K), 19 survivors (19456K)
 Metaspace       used 72839K, capacity 75037K, committed 75096K, reserved 1114112K
  class space    used 9500K, capacity 10283K, committed 10328K, reserved 1048576K
}
Event: 29.632 GC heap before
{Heap before GC invocations=13 (full 0):
 garbage-first heap   total 260096K, used 193074K [0x00000000a0000000, 0x0000000100000000)
  region size 1024K, 142 young (145408K), 19 survivors (19456K)
 Metaspace       used 80220K, capacity 82770K, committed 82980K, reserved 1120256K
  class space    used 10618K, capacity 11539K, committed 11556K, reserved 1048576K
}
Event: 29.675 GC heap after
{Heap after GC invocations=14 (full 0):
 garbage-first heap   total 260096K, used 79375K [0x00000000a0000000, 0x0000000100000000)
  region size 1024K, 11 young (11264K), 11 survivors (11264K)
 Metaspace       used 80220K, capacity 82770K, committed 82980K, reserved 1120256K
  class space    used 10618K, capacity 11539K, committed 11556K, reserved 1048576K
}
Event: 30.820 GC heap before
{Heap before GC invocations=15 (full 0):
 garbage-first heap   total 260096K, used 202255K [0x00000000a0000000, 0x0000000100000000)
  region size 1024K, 95 young (97280K), 11 survivors (11264K)
 Metaspace       used 85913K, capacity 88575K, committed 88868K, reserved 1126400K
  class space    used 11335K, capacity 12255K, committed 12324K, reserved 1048576K
}
Event: 30.835 GC heap after
{Heap after GC invocations=16 (full 0):
 garbage-first heap   total 260096K, used 123110K [0x00000000a0000000, 0x0000000100000000)
  region size 1024K, 7 young (7168K), 7 survivors (7168K)
 Metaspace       used 85913K, capacity 88575K, committed 88868K, reserved 1126400K
  class space    used 11335K, capacity 12255K, committed 12324K, reserved 1048576K
}
Event: 32.279 GC heap before
{Heap before GC invocations=17 (full 0):
 garbage-first heap   total 260096K, used 214246K [0x00000000a0000000, 0x0000000100000000)
  region size 1024K, 60 young (61440K), 7 survivors (7168K)
 Metaspace       used 88487K, capacity 91119K, committed 91172K, reserved 1128448K
  class space    used 11624K, capacity 12573K, committed 12580K, reserved 1048576K
}
Event: 32.288 GC heap after
{Heap after GC invocations=18 (full 0):
 garbage-first heap   total 260096K, used 87476K [0x00000000a0000000, 0x0000000100000000)
  region size 1024K, 10 young (10240K), 10 survivors (10240K)
 Metaspace       used 88487K, capacity 91119K, committed 91172K, reserved 1128448K
  class space    used 11624K, capacity 12573K, committed 12580K, reserved 1048576K
}
Event: 32.489 GC heap before
{Heap before GC invocations=19 (full 0):
 garbage-first heap   total 260096K, used 115124K [0x00000000a0000000, 0x0000000100000000)
  region size 1024K, 12 young (12288K), 10 survivors (10240K)
 Metaspace       used 88304K, capacity 90820K, committed 91172K, reserved 1128448K
  class space    used 11569K, capacity 12474K, committed 12580K, reserved 1048576K
}
Event: 32.497 GC heap after
{Heap after GC invocations=20 (full 0):
 garbage-first heap   total 260096K, used 114298K [0x00000000a0000000, 0x0000000100000000)
  region size 1024K, 4 young (4096K), 4 survivors (4096K)
 Metaspace       used 88304K, capacity 90820K, committed 91172K, reserved 1128448K
  class space    used 11569K, capacity 12474K, committed 12580K, reserved 1048576K
}
Event: 32.840 GC heap before
{Heap before GC invocations=21 (full 0):
 garbage-first heap   total 260096K, used 205434K [0x00000000a0000000, 0x0000000100000000)
  region size 1024K, 20 young (20480K), 4 survivors (4096K)
 Metaspace       used 88763K, capacity 91302K, committed 91812K, reserved 1128448K
  class space    used 11629K, capacity 12547K, committed 12708K, reserved 1048576K
}
Event: 32.847 GC heap after
{Heap after GC invocations=22 (full 0):
 garbage-first heap   total 260096K, used 87792K [0x00000000a0000000, 0x0000000100000000)
  region size 1024K, 5 young (5120K), 5 survivors (5120K)
 Metaspace       used 88763K, capacity 91302K, committed 91812K, reserved 1128448K
  class space    used 11629K, capacity 12547K, committed 12708K, reserved 1048576K
}
Event: 861.966 GC heap before
{Heap before GC invocations=23 (full 0):
 garbage-first heap   total 260096K, used 257776K [0x00000000a0000000, 0x0000000100000000)
  region size 1024K, 42 young (43008K), 5 survivors (5120K)
 Metaspace       used 92491K, capacity 95138K, committed 95396K, reserved 1132544K
  class space    used 11903K, capacity 12840K, committed 12964K, reserved 1048576K
}
Event: 861.972 GC heap after
{Heap after GC invocations=24 (full 0):
 garbage-first heap   total 265216K, used 88400K [0x00000000a0000000, 0x0000000100000000)
  region size 1024K, 5 young (5120K), 5 survivors (5120K)
 Metaspace       used 92491K, capacity 95138K, committed 95396K, reserved 1132544K
  class space    used 11903K, capacity 12840K, committed 12964K, reserved 1048576K
}
Event: 3078.057 GC heap before
{Heap before GC invocations=24 (full 0):
 garbage-first heap   total 265216K, used 173392K [0x00000000a0000000, 0x0000000100000000)
  region size 1024K, 89 young (91136K), 5 survivors (5120K)
 Metaspace       used 93092K, capacity 95800K, committed 95908K, reserved 1132544K
  class space    used 11926K, capacity 12882K, committed 12964K, reserved 1048576K
}
Event: 3078.063 GC heap after
{Heap after GC invocations=25 (full 0):
 garbage-first heap   total 265216K, used 92201K [0x00000000a0000000, 0x0000000100000000)
  region size 1024K, 9 young (9216K), 9 survivors (9216K)
 Metaspace       used 93092K, capacity 95800K, committed 95908K, reserved 1132544K
  class space    used 11926K, capacity 12882K, committed 12964K, reserved 1048576K
}

Deoptimization events (20 events):
Event: 3078.483 Thread 0x000001b48c541800 DEOPT PACKING pc=0x000001b4ec90a660 sp=0x0000008df9afb230
Event: 3078.483 Thread 0x000001b48c541800 DEOPT UNPACKING pc=0x000001b4ec188ede sp=0x0000008df9afa6f0 mode 0
Event: 3078.492 Thread 0x000001b48c541800 DEOPT PACKING pc=0x000001b4ec90a660 sp=0x0000008df9afb230
Event: 3078.492 Thread 0x000001b48c541800 DEOPT UNPACKING pc=0x000001b4ec188ede sp=0x0000008df9afa6f0 mode 0
Event: 3081.635 Thread 0x000001b48de2c000 Uncommon trap: trap_request=0xffffff4d fr.pc=0x000001b4f4388ab0 relative=0x0000000000002210
Event: 3081.635 Thread 0x000001b48de2c000 Uncommon trap: reason=unstable_if action=reinterpret pc=0x000001b4f4388ab0 method=org.gradle.internal.logging.text.AbstractLineChoppingStyledTextOutput$2.execute(Lorg/gradle/internal/logging/text/AbstractLineChoppingStyledTextOutput$StateContext;)V @ 30 c
Event: 3081.635 Thread 0x000001b48de2c000 DEOPT PACKING pc=0x000001b4f4388ab0 sp=0x0000008dfa5fe570
Event: 3081.635 Thread 0x000001b48de2c000 DEOPT UNPACKING pc=0x000001b4ec1683af sp=0x0000008dfa5fe458 mode 2
Event: 3081.637 Thread 0x000001b48de2c000 Uncommon trap: trap_request=0xffffff4d fr.pc=0x000001b4f4361c60 relative=0x00000000000003e0
Event: 3081.637 Thread 0x000001b48de2c000 Uncommon trap: reason=unstable_if action=reinterpret pc=0x000001b4f4361c60 method=org.gradle.internal.logging.text.AbstractLineChoppingStyledTextOutput$2.execute(Lorg/gradle/internal/logging/text/AbstractLineChoppingStyledTextOutput$StateContext;)V @ 30 c
Event: 3081.637 Thread 0x000001b48de2c000 DEOPT PACKING pc=0x000001b4f4361c60 sp=0x0000008dfa5fe5b0
Event: 3081.637 Thread 0x000001b48de2c000 DEOPT UNPACKING pc=0x000001b4ec1683af sp=0x0000008dfa5fe448 mode 2
Event: 3081.773 Thread 0x000001b48de2c000 Uncommon trap: trap_request=0xffffff4d fr.pc=0x000001b4f4362fd0 relative=0x00000000000003d0
Event: 3081.773 Thread 0x000001b48de2c000 Uncommon trap: reason=unstable_if action=reinterpret pc=0x000001b4f4362fd0 method=org.gradle.internal.logging.text.AbstractLineChoppingStyledTextOutput$2.execute(Lorg/gradle/internal/logging/text/AbstractLineChoppingStyledTextOutput$StateContext;)V @ 30 c
Event: 3081.773 Thread 0x000001b48de2c000 DEOPT PACKING pc=0x000001b4f4362fd0 sp=0x0000008dfa5fe580
Event: 3081.773 Thread 0x000001b48de2c000 DEOPT UNPACKING pc=0x000001b4ec1683af sp=0x0000008dfa5fe480 mode 2
Event: 3081.773 Thread 0x000001b48de2c000 Uncommon trap: trap_request=0xffffff4d fr.pc=0x000001b4f4363b78 relative=0x0000000000000298
Event: 3081.773 Thread 0x000001b48de2c000 Uncommon trap: reason=unstable_if action=reinterpret pc=0x000001b4f4363b78 method=org.gradle.internal.logging.text.AbstractLineChoppingStyledTextOutput$2.execute(Lorg/gradle/internal/logging/text/AbstractLineChoppingStyledTextOutput$StateContext;)V @ 30 c
Event: 3081.773 Thread 0x000001b48de2c000 DEOPT PACKING pc=0x000001b4f4363b78 sp=0x0000008dfa5fe4e0
Event: 3081.773 Thread 0x000001b48de2c000 DEOPT UNPACKING pc=0x000001b4ec1683af sp=0x0000008dfa5fe4a0 mode 2

Classes redefined (0 events):
No events

Internal exceptions (20 events):
Event: 33.271 Thread 0x000001b4897cc800 Exception <a 'java/lang/ClassNotFoundException'{0x00000000af83baf8}: org/gradle/api/internal/provider/AbstractPropertyBeanInfo> (0x00000000af83baf8) thrown at [./src/hotspot/share/classfile/systemDictionary.cpp, line 231]
Event: 33.272 Thread 0x000001b4897cc800 Exception <a 'java/lang/ClassNotFoundException'{0x00000000af85ef38}: org/gradle/api/internal/provider/AbstractPropertyCustomizer> (0x00000000af85ef38) thrown at [./src/hotspot/share/classfile/systemDictionary.cpp, line 231]
Event: 33.277 Thread 0x000001b4897cc800 Exception <a 'java/lang/ClassNotFoundException'{0x00000000af88d048}: org/gradle/api/internal/provider/DefaultPropertyCustomizer> (0x00000000af88d048) thrown at [./src/hotspot/share/classfile/systemDictionary.cpp, line 231]
Event: 33.278 Thread 0x000001b4897cc800 Exception <a 'java/lang/ClassNotFoundException'{0x00000000af8c6bb0}: org/gradle/api/internal/file/DefaultFilePropertyFactory$AbstractFileVarCustomizer> (0x00000000af8c6bb0) thrown at [./src/hotspot/share/classfile/systemDictionary.cpp, line 231]
Event: 33.280 Thread 0x000001b4897cc800 Exception <a 'java/lang/ClassNotFoundException'{0x00000000af727a38}: org/gradle/api/internal/file/DefaultFilePropertyFactory$DefaultDirectoryVarCustomizer> (0x00000000af727a38) thrown at [./src/hotspot/share/classfile/systemDictionary.cpp, line 231]
Event: 33.292 Thread 0x000001b4897cc800 Exception <a 'java/lang/ClassNotFoundException'{0x00000000af7abb50}: org/codehaus/groovy/runtime/HandleMetaClassBeanInfo> (0x00000000af7abb50) thrown at [./src/hotspot/share/classfile/systemDictionary.cpp, line 231]
Event: 33.293 Thread 0x000001b4897cc800 Exception <a 'java/lang/ClassNotFoundException'{0x00000000af7c92b0}: groovy/lang/DelegatingMetaClassBeanInfo> (0x00000000af7c92b0) thrown at [./src/hotspot/share/classfile/systemDictionary.cpp, line 231]
Event: 33.294 Thread 0x000001b4897cc800 Exception <a 'java/lang/ClassNotFoundException'{0x00000000af7e6cf8}: groovy/lang/DelegatingMetaClassCustomizer> (0x00000000af7e6cf8) thrown at [./src/hotspot/share/classfile/systemDictionary.cpp, line 231]
Event: 33.295 Thread 0x000001b4897cc800 Exception <a 'java/lang/ClassNotFoundException'{0x00000000af6225d8}: org/codehaus/groovy/runtime/HandleMetaClassCustomizer> (0x00000000af6225d8) thrown at [./src/hotspot/share/classfile/systemDictionary.cpp, line 231]
Event: 33.298 Thread 0x000001b4897cc800 Exception <a 'java/lang/ClassNotFoundException'{0x00000000af529a90}: java/util/Collections$SingletonListBeanInfo> (0x00000000af529a90) thrown at [./src/hotspot/share/classfile/systemDictionary.cpp, line 231]
Event: 33.298 Thread 0x000001b4897cc800 Exception <a 'java/lang/ClassNotFoundException'{0x00000000af533030}: java/util/Collections$SingletonListCustomizer> (0x00000000af533030) thrown at [./src/hotspot/share/classfile/systemDictionary.cpp, line 231]
Event: 33.301 Thread 0x000001b4897cc800 Exception <a 'java/lang/ClassNotFoundException'{0x00000000af57a6d0}: com/android/build/OutputFileBeanInfo> (0x00000000af57a6d0) thrown at [./src/hotspot/share/classfile/systemDictionary.cpp, line 231]
Event: 33.302 Thread 0x000001b4897cc800 Exception <a 'java/lang/ClassNotFoundException'{0x00000000af5889e0}: com/android/build/OutputFileCustomizer> (0x00000000af5889e0) thrown at [./src/hotspot/share/classfile/systemDictionary.cpp, line 231]
Event: 33.614 Thread 0x000001b484725800 Exception <a 'java/lang/NoSuchMethodError'{0x00000000af4e02c0}: 'java.lang.Object java.lang.invoke.DirectMethodHandle$Holder.invokeSpecial(java.lang.Object, java.lang.Object, java.lang.Object, int, int, java.lang.Object, java.lang.Object)'> (0x00000000af4e02c0) thrown at [./src/hotspot/share/interpreter/linkResolver.cpp, line 773]
Event: 33.614 Thread 0x000001b484725800 Exception <a 'java/lang/NoSuchMethodError'{0x00000000af4e9428}: 'java.lang.Object java.lang.invoke.DirectMethodHandle$Holder.invokeStatic(java.lang.Object, java.lang.Object, java.lang.Object, int, int, java.lang.Object)'> (0x00000000af4e9428) thrown at [./src/hotspot/share/interpreter/linkResolver.cpp, line 773]
Event: 33.615 Thread 0x000001b484725800 Exception <a 'java/lang/NoSuchMethodError'{0x00000000af4ed148}: 'java.lang.Object java.lang.invoke.DirectMethodHandle$Holder.invokeSpecial(java.lang.Object, java.lang.Object, java.lang.Object, java.lang.Object, int, int, java.lang.Object)'> (0x00000000af4ed148) thrown at [./src/hotspot/share/interpreter/linkResolver.cpp, line 773]
Event: 33.615 Thread 0x000001b484725800 Exception <a 'java/lang/NoSuchMethodError'{0x00000000af4f0668}: 'java.lang.Object java.lang.invoke.Invokers$Holder.linkToTargetMethod(java.lang.Object, java.lang.Object, int, int, java.lang.Object, java.lang.Object)'> (0x00000000af4f0668) thrown at [./src/hotspot/share/interpreter/linkResolver.cpp, line 773]
Event: 33.617 Thread 0x000001b484725800 Implicit null exception at 0x000001b4f42c58af to 0x000001b4f42c58fc
Event: 33.697 Thread 0x000001b484725800 Implicit null exception at 0x000001b4f4153a7b to 0x000001b4f4153e4c
Event: 3078.223 Thread 0x000001b4883bc800 Exception <a 'sun/nio/fs/WindowsException'{0x00000000afaaf9c0}> (0x00000000afaaf9c0) thrown at [./src/hotspot/share/prims/jni.cpp, line 615]

Events (20 events):
Event: 3078.425 Thread 0x000001b48de2e800 Thread added: 0x000001b48de2e800
Event: 3078.428 Executing VM operation: RevokeBias
Event: 3078.428 Executing VM operation: RevokeBias done
Event: 3078.433 Executing VM operation: RevokeBias
Event: 3078.433 Executing VM operation: RevokeBias done
Event: 3078.443 Executing VM operation: RevokeBias
Event: 3078.444 Executing VM operation: RevokeBias done
Event: 3078.499 Executing VM operation: RevokeBias
Event: 3078.500 Executing VM operation: RevokeBias done
Event: 3078.500 Executing VM operation: RevokeBias
Event: 3078.500 Executing VM operation: RevokeBias done
Event: 3078.501 Executing VM operation: RevokeBias
Event: 3078.501 Executing VM operation: RevokeBias done
Event: 3078.501 Executing VM operation: RevokeBias
Event: 3078.501 Executing VM operation: RevokeBias done
Event: 3078.505 Thread 0x000001b48de2f000 Thread added: 0x000001b48de2f000
Event: 3078.510 Thread 0x000001b48de2c000 Thread added: 0x000001b48de2c000
Event: 3078.510 Thread 0x000001b48de2d800 Thread added: 0x000001b48de2d800
Event: 3081.635 Thread 0x000001b4874ab000 Thread exited: 0x000001b4874ab000
Event: 3081.636 Thread 0x000001b48492d000 Thread exited: 0x000001b48492d000


Dynamic libraries:
0x00007ff7fddf0000 - 0x00007ff7fddfa000 	D:\install\android\jre\bin\java.exe
0x00007ffca41b0000 - 0x00007ffca43a5000 	C:\Windows\SYSTEM32\ntdll.dll
0x00007ffca2da0000 - 0x00007ffca2e5e000 	C:\Windows\System32\KERNEL32.DLL
0x00007ffca1e90000 - 0x00007ffca2158000 	C:\Windows\System32\KERNELBASE.dll
0x00007ffca1a80000 - 0x00007ffca1b80000 	C:\Windows\System32\ucrtbase.dll
0x00007ffc9a670000 - 0x00007ffc9a687000 	D:\install\android\jre\bin\VCRUNTIME140.dll
0x00007ffc9bda0000 - 0x00007ffc9bdb9000 	D:\install\android\jre\bin\jli.dll
0x00007ffca2210000 - 0x00007ffca23b0000 	C:\Windows\System32\USER32.dll
0x00007ffca1e60000 - 0x00007ffca1e82000 	C:\Windows\System32\win32u.dll
0x00007ffc82fd0000 - 0x00007ffc8326a000 	C:\Windows\WinSxS\amd64_microsoft.windows.common-controls_6595b64144ccf1df_6.0.19041.1110_none_60b5254171f9507e\COMCTL32.dll
0x00007ffca2d70000 - 0x00007ffca2d9a000 	C:\Windows\System32\GDI32.dll
0x00007ffca23c0000 - 0x00007ffca245e000 	C:\Windows\System32\msvcrt.dll
0x00007ffca1cb0000 - 0x00007ffca1dbb000 	C:\Windows\System32\gdi32full.dll
0x00007ffca1dc0000 - 0x00007ffca1e5d000 	C:\Windows\System32\msvcp_win.dll
0x00007ffca2c60000 - 0x00007ffca2c90000 	C:\Windows\System32\IMM32.DLL
0x00007ffc88ab0000 - 0x00007ffc88b4d000 	D:\install\android\jre\bin\msvcp140.dll
0x00007ffc4fd90000 - 0x00007ffc5085f000 	D:\install\android\jre\bin\server\jvm.dll
0x00007ffca3460000 - 0x00007ffca350e000 	C:\Windows\System32\ADVAPI32.dll
0x00007ffca2e60000 - 0x00007ffca2efc000 	C:\Windows\System32\sechost.dll
0x00007ffca37c0000 - 0x00007ffca38e5000 	C:\Windows\System32\RPCRT4.dll
0x00007ffca40e0000 - 0x00007ffca40e8000 	C:\Windows\System32\PSAPI.DLL
0x00007ffc99c90000 - 0x00007ffc99c99000 	C:\Windows\SYSTEM32\WSOCK32.dll
0x00007ffc8ae20000 - 0x00007ffc8ae47000 	C:\Windows\SYSTEM32\WINMM.dll
0x00007ffca36a0000 - 0x00007ffca370b000 	C:\Windows\System32\WS2_32.dll
0x00007ffc9b9c0000 - 0x00007ffc9b9ca000 	C:\Windows\SYSTEM32\VERSION.dll
0x00007ffca0420000 - 0x00007ffca0432000 	C:\Windows\SYSTEM32\kernel.appcore.dll
0x00007ffc99640000 - 0x00007ffc99651000 	D:\install\android\jre\bin\verify.dll
0x00007ffc9fe90000 - 0x00007ffca0074000 	C:\Windows\SYSTEM32\DBGHELP.DLL
0x00007ffc9aea0000 - 0x00007ffc9aecc000 	C:\Windows\SYSTEM32\dbgcore.DLL
0x00007ffca1c20000 - 0x00007ffca1ca2000 	C:\Windows\System32\bcryptPrimitives.dll
0x00007ffc963e0000 - 0x00007ffc96409000 	D:\install\android\jre\bin\java.dll
0x00007ffc98e30000 - 0x00007ffc98e3b000 	D:\install\android\jre\bin\jimage.dll
0x00007ffc96430000 - 0x00007ffc96448000 	D:\install\android\jre\bin\zip.dll
0x00007ffca2510000 - 0x00007ffca2c54000 	C:\Windows\System32\SHELL32.dll
0x00007ffc9f6f0000 - 0x00007ffc9fe84000 	C:\Windows\SYSTEM32\windows.storage.dll
0x00007ffca2f00000 - 0x00007ffca3254000 	C:\Windows\System32\combase.dll
0x00007ffca1270000 - 0x00007ffca129c000 	C:\Windows\SYSTEM32\Wldp.dll
0x00007ffca2460000 - 0x00007ffca250d000 	C:\Windows\System32\SHCORE.dll
0x00007ffca38f0000 - 0x00007ffca3945000 	C:\Windows\System32\shlwapi.dll
0x00007ffca1810000 - 0x00007ffca182f000 	C:\Windows\SYSTEM32\profapi.dll
0x00007ffc963c0000 - 0x00007ffc963da000 	D:\install\android\jre\bin\net.dll
0x00007ffc97980000 - 0x00007ffc97a8a000 	C:\Windows\SYSTEM32\WINHTTP.dll
0x00007ffca0fd0000 - 0x00007ffca103a000 	C:\Windows\system32\mswsock.dll
0x00007ffc96110000 - 0x00007ffc96124000 	D:\install\android\jre\bin\nio.dll
0x00007ffc88d10000 - 0x00007ffc88d36000 	C:\Users\Kid\.gradle\native\fdc75f09e3144964f2cf3f50f0aa648679c211496f362492102eb8c894070792\windows-amd64\native-platform.dll
0x00007ffc88710000 - 0x00007ffc888a1000 	C:\Users\Kid\.gradle\native\12488b8bf47d2d4c9fbf2f6322a914ad602e24e48041cd04a747c6da556b65c4\windows-amd64\native-platform-file-events.dll
0x00007ffc96160000 - 0x00007ffc9616a000 	D:\install\android\jre\bin\management.dll
0x00007ffc96100000 - 0x00007ffc9610c000 	D:\install\android\jre\bin\management_ext.dll
0x00007ffca11d0000 - 0x00007ffca11e8000 	C:\Windows\SYSTEM32\CRYPTSP.dll
0x00007ffca0950000 - 0x00007ffca0984000 	C:\Windows\system32\rsaenh.dll
0x00007ffca1b80000 - 0x00007ffca1ba7000 	C:\Windows\System32\bcrypt.dll
0x00007ffca1760000 - 0x00007ffca178e000 	C:\Windows\SYSTEM32\USERENV.dll
0x00007ffca11c0000 - 0x00007ffca11cc000 	C:\Windows\SYSTEM32\CRYPTBASE.dll
0x00007ffca0cc0000 - 0x00007ffca0cfb000 	C:\Windows\SYSTEM32\IPHLPAPI.DLL
0x00007ffca2c90000 - 0x00007ffca2c98000 	C:\Windows\System32\NSI.dll
0x00007ffc9ada0000 - 0x00007ffc9adb7000 	C:\Windows\SYSTEM32\dhcpcsvc6.DLL
0x00007ffc9b6f0000 - 0x00007ffc9b70d000 	C:\Windows\SYSTEM32\dhcpcsvc.DLL
0x00007ffca0d50000 - 0x00007ffca0e1b000 	C:\Windows\SYSTEM32\DNSAPI.dll
0x00007ffc9b8d0000 - 0x00007ffc9b8db000 	C:\Windows\SYSTEM32\WINNSI.DLL
0x00007ffc86aa0000 - 0x00007ffc86ac7000 	D:\install\android\jre\bin\sunec.dll

dbghelp: loaded successfully - version: 4.0.5 - missing functions: none
symbol engine: initialized successfully - sym options: 0x614 - pdb path: .;D:\install\android\jre\bin;C:\Windows\SYSTEM32;C:\Windows\WinSxS\amd64_microsoft.windows.common-controls_6595b64144ccf1df_6.0.19041.1110_none_60b5254171f9507e;D:\install\android\jre\bin\server;C:\Users\Kid\.gradle\native\fdc75f09e3144964f2cf3f50f0aa648679c211496f362492102eb8c894070792\windows-amd64;C:\Users\Kid\.gradle\native\12488b8bf47d2d4c9fbf2f6322a914ad602e24e48041cd04a747c6da556b65c4\windows-amd64

VM Arguments:
jvm_args: --add-opens=java.base/java.util=ALL-UNNAMED --add-opens=java.base/java.lang=ALL-UNNAMED --add-opens=java.base/java.lang.invoke=ALL-UNNAMED --add-opens=java.prefs/java.util.prefs=ALL-UNNAMED -Xmx1536M -Dfile.encoding=windows-1252 -Duser.country=FR -Duser.language=fr -Duser.variant 
java_command: org.gradle.launcher.daemon.bootstrap.GradleDaemon 6.7
java_class_path (initial): C:\Users\Kid\.gradle\wrapper\dists\gradle-6.7-all\cuy9mc7upwgwgeb72wkcrupxe\gradle-6.7\lib\gradle-launcher-6.7.jar
Launcher Type: SUN_STANDARD

[Global flags]
     intx CICompilerCount                          = 4                                         {product} {ergonomic}
     uint ConcGCThreads                            = 2                                         {product} {ergonomic}
     uint G1ConcRefinementThreads                  = 8                                         {product} {ergonomic}
   size_t G1HeapRegionSize                         = 1048576                                   {product} {ergonomic}
    uintx GCDrainStackTargetSize                   = 64                                        {product} {ergonomic}
   size_t InitialHeapSize                          = 266338304                                 {product} {ergonomic}
   size_t MarkStackSize                            = 4194304                                   {product} {ergonomic}
   size_t MaxHeapSize                              = 1610612736                                {product} {command line}
   size_t MaxNewSize                               = 965738496                                 {product} {ergonomic}
   size_t MinHeapDeltaBytes                        = 1048576                                   {product} {ergonomic}
    uintx NonNMethodCodeHeapSize                   = 5836300                                {pd product} {ergonomic}
    uintx NonProfiledCodeHeapSize                  = 122910970                              {pd product} {ergonomic}
    uintx ProfiledCodeHeapSize                     = 122910970                              {pd product} {ergonomic}
    uintx ReservedCodeCacheSize                    = 251658240                              {pd product} {ergonomic}
     bool SegmentedCodeCache                       = true                                      {product} {ergonomic}
     bool UseCompressedClassPointers               = true                                 {lp64_product} {ergonomic}
     bool UseCompressedOops                        = true                                 {lp64_product} {ergonomic}
     bool UseG1GC                                  = true                                      {product} {ergonomic}
     bool UseLargePagesIndividualAllocation        = false                                  {pd product} {ergonomic}

Logging:
Log output configuration:
 #0: stdout all=warning uptime,level,tags
 #1: stderr all=off uptime,level,tags

Environment Variables:
JAVA_HOME=D:\install\android\jre
CLASSPATH=D:\chat_project\android\\gradle\wrapper\gradle-wrapper.jar
PATH=C:\Program Files (x86)\Common Files\Oracle\Java\javapath;C:\Windows\system32;C:\Windows;C:\Windows\System32\Wbem;C:\Windows\System32\WindowsPowerShell\v1.0\;C:\Windows\System32\OpenSSH\;D:\xampp\php;C:\composer;C:\Program Files\Git\cmd;C:\Users\Kid\AppData\Local\Microsoft\WindowsApps;C:\Users\Kid\AppData\Local\Programs\Microsoft VS Code\bin;D:\src\flutter\bin;C:\Users\Kid\AppData\Roaming\Composer\vendor\bin;D:\src\flutter\bin\mingit\cmd
USERNAME=Kid
OS=Windows_NT
PROCESSOR_IDENTIFIER=Intel64 Family 6 Model 126 Stepping 5, GenuineIntel



---------------  S Y S T E M  ---------------

OS: Windows 10 , 64 bit Build 19041 (10.0.19041.1645)
OS uptime: 2 days 23:24 hours

CPU:total 8 (initial active 8) (4 cores per cpu, 2 threads per core) family 6 model 126 stepping 5 microcode 0x96, cmov, cx8, fxsr, mmx, sse, sse2, sse3, ssse3, sse4.1, sse4.2, popcnt, avx, avx2, aes, clmul, erms, 3dnowpref, lzcnt, ht, tsc, tscinvbit, bmi1, bmi2, adx, evex, sha, fma

Memory: 4k page, system-wide physical 16165M (6097M free)
TotalPageFile size 22335M (AvailPageFile size 835M)
current process WorkingSet (physical memory assigned to process): 355M, peak: 575M
current process commit charge ("private bytes"): 580M, peak: 619M

vm_info: OpenJDK 64-Bit Server VM (11.0.10+0-b96-7249189) for windows-amd64 JRE (11.0.10+0-b96-7249189), built on Mar 31 2021 21:44:00 by "builder" with MS VC++ 14.0 (VS2015)

END.
